#! /usr/local/bin/vvp
:ivl_version "11.0 (stable)" "(v11_0-132-gb2f2414f4)";
:ivl_delay_selection "TYPICAL";
:vpi_time_precision + 0;
:vpi_module "/usr/local/lib/ivl/system.vpi";
:vpi_module "/usr/local/lib/ivl/vhdl_sys.vpi";
:vpi_module "/usr/local/lib/ivl/vhdl_textio.vpi";
:vpi_module "/usr/local/lib/ivl/v2005_math.vpi";
:vpi_module "/usr/local/lib/ivl/va_math.vpi";
S_0x561b27d38f50 .scope module, "DUT" "DUT" 2 1;
 .timescale 0 0;
v0x561b27df6080_0 .var "ADDR", 7 0;
v0x561b27df61b0_0 .net "DataOut", 0 0, v0x561b27df3ac0_0;  1 drivers
v0x561b27df62c0_0 .net "DoutValid", 0 0, v0x561b27df3fc0_0;  1 drivers
v0x561b27df63b0_0 .var "RW", 0 0;
v0x561b27df6450_0 .var "aluOp", 3 0;
v0x561b27df6540_0 .net "calcBusy", 0 0, v0x561b27def090_0;  1 drivers
v0x561b27df65e0_0 .var "clk", 0 0;
v0x561b27df6680_0 .net "clkTxOut", 0 0, v0x561b27df1f60_0;  1 drivers
v0x561b27df6770_0 .var "configDiv", 0 0;
v0x561b27df6810_0 .var "freqDivInput", 31 0;
v0x561b27df6900_0 .var "inA", 7 0;
v0x561b27df69f0_0 .var "inB", 7 0;
v0x561b27df6b00_0 .var "inputKey", 0 0;
v0x561b27df6ba0_0 .var "reset", 0 0;
v0x561b27df6cd0_0 .var "validCmd", 0 0;
S_0x561b27dbb250 .scope module, "dut" "top" 2 10, 3 9 0, S_0x561b27d38f50;
 .timescale 0 0;
    .port_info 0 /INPUT 1 "clk";
    .port_info 1 /INPUT 1 "reset";
    .port_info 2 /INPUT 8 "inA";
    .port_info 3 /INPUT 8 "inB";
    .port_info 4 /INPUT 4 "aluOp";
    .port_info 5 /INPUT 1 "inputKey";
    .port_info 6 /INPUT 1 "RW";
    .port_info 7 /INPUT 1 "validCmd";
    .port_info 8 /INPUT 8 "ADDR";
    .port_info 9 /INPUT 32 "freqDivInput";
    .port_info 10 /INPUT 1 "configDiv";
    .port_info 11 /OUTPUT 1 "calcBusy";
    .port_info 12 /OUTPUT 1 "DoutValid";
    .port_info 13 /OUTPUT 1 "DataOut";
    .port_info 14 /OUTPUT 1 "clkTxOut";
L_0x561b27dcc230 .functor BUFZ 1, v0x561b27df1f60_0, C4<0>, C4<0>, C4<0>;
L_0x561b27df6e40 .functor NOT 1, v0x561b27deffe0_0, C4<0>, C4<0>, C4<0>;
L_0x561b27df6f60 .functor AND 1, v0x561b27df6ba0_0, L_0x561b27df6e40, C4<1>, C4<1>;
L_0x561b27df6fd0 .functor AND 1, v0x561b27df63b0_0, v0x561b27deffe0_0, C4<1>, C4<1>;
v0x561b27df42e0_0 .net "ADDR", 7 0, v0x561b27df6080_0;  1 drivers
v0x561b27df43c0_0 .net "DataOut", 0 0, v0x561b27df3ac0_0;  alias, 1 drivers
v0x561b27df4460_0 .net "DoutValid", 0 0, v0x561b27df3fc0_0;  alias, 1 drivers
v0x561b27df4500_0 .net "RW", 0 0, v0x561b27df63b0_0;  1 drivers
v0x561b27df45a0_0 .net "RWTmp", 0 0, L_0x561b27df6fd0;  1 drivers
v0x561b27df4690_0 .net *"_ivl_2", 0 0, L_0x561b27df6e40;  1 drivers
v0x561b27df4730_0 .net "aluOp", 3 0, v0x561b27df6450_0;  1 drivers
v0x561b27df4820_0 .net "alu_flags", 3 0, v0x561b27dedfe0_0;  1 drivers
v0x561b27df4930_0 .net "alu_out", 7 0, v0x561b27dedee0_0;  1 drivers
v0x561b27df4a80_0 .net "c_accessmem", 0 0, v0x561b27deefb0_0;  1 drivers
v0x561b27df4b20_0 .net "c_active", 0 0, v0x561b27deffe0_0;  1 drivers
v0x561b27df4bc0_0 .net "c_mode", 0 0, v0x561b27df0400_0;  1 drivers
v0x561b27df4c60_0 .net "c_rwmem", 0 0, v0x561b27def1f0_0;  1 drivers
v0x561b27df4d00_0 .net "c_sample", 0 0, v0x561b27def2b0_0;  1 drivers
v0x561b27df4da0_0 .net "c_txdata", 0 0, v0x561b27def3c0_0;  1 drivers
v0x561b27df4e40_0 .net "calcBusy", 0 0, v0x561b27def090_0;  alias, 1 drivers
v0x561b27df4f30_0 .net "clk", 0 0, v0x561b27df65e0_0;  1 drivers
v0x561b27df4fd0_0 .net "clkTx", 0 0, L_0x561b27dcc230;  1 drivers
v0x561b27df5070_0 .net "clkTxOut", 0 0, v0x561b27df1f60_0;  alias, 1 drivers
v0x561b27df5110_0 .net "concat_out", 31 0, L_0x561b27df7540;  1 drivers
v0x561b27df51b0_0 .net "configDiv", 0 0, v0x561b27df6770_0;  1 drivers
v0x561b27df5250_0 .net "freqDivInput", 31 0, v0x561b27df6810_0;  1 drivers
v0x561b27df52f0_0 .net "inA", 7 0, v0x561b27df6900_0;  1 drivers
v0x561b27df5390_0 .net "inB", 7 0, v0x561b27df69f0_0;  1 drivers
v0x561b27df5430_0 .net "inputKey", 0 0, v0x561b27df6b00_0;  1 drivers
v0x561b27df5520_0 .net "m1_out", 7 0, L_0x561b27df7060;  1 drivers
v0x561b27df55c0_0 .net "m2_out", 7 0, L_0x561b27df71b0;  1 drivers
v0x561b27df5660_0 .net "m3_out", 3 0, L_0x561b27df7250;  1 drivers
v0x561b27df5770_0 .net "m4_out", 31 0, L_0x561b27df7380;  1 drivers
v0x561b27df5880_0 .net "mem_out", 31 0, v0x561b27df2e30_0;  1 drivers
v0x561b27df5990_0 .net "reset", 0 0, v0x561b27df6ba0_0;  1 drivers
v0x561b27df5a30_0 .net "resetTmp", 0 0, L_0x561b27df6f60;  1 drivers
v0x561b27df5ad0_0 .net "st_txdone", 0 0, v0x561b27df4080_0;  1 drivers
v0x561b27df5d80_0 .net "validCmd", 0 0, v0x561b27df6cd0_0;  1 drivers
S_0x561b27d7f820 .scope module, "M1" "MUX" 3 63, 4 1 0, S_0x561b27dbb250;
 .timescale 0 0;
    .port_info 0 /INPUT 8 "inA";
    .port_info 1 /INPUT 8 "inB";
    .port_info 2 /INPUT 1 "sel";
    .port_info 3 /OUTPUT 8 "dout";
P_0x561b27d7fa00 .param/l "LENGTH" 0 4 2, +C4<00000000000000000000000000001000>;
v0x561b27dc99c0_0 .net "dout", 7 0, L_0x561b27df7060;  alias, 1 drivers
v0x561b27dc9a60_0 .net "inA", 7 0, v0x561b27df6900_0;  alias, 1 drivers
L_0x7f126a21d018 .functor BUFT 1, C4<00000000>, C4<0>, C4<0>, C4<0>;
v0x561b27dce0b0_0 .net "inB", 7 0, L_0x7f126a21d018;  1 drivers
v0x561b27dce150_0 .net "sel", 0 0, L_0x561b27df6f60;  alias, 1 drivers
L_0x561b27df7060 .functor MUXZ 8, v0x561b27df6900_0, L_0x7f126a21d018, L_0x561b27df6f60, C4<>;
S_0x561b27dec7c0 .scope module, "M2" "MUX" 3 64, 4 1 0, S_0x561b27dbb250;
 .timescale 0 0;
    .port_info 0 /INPUT 8 "inA";
    .port_info 1 /INPUT 8 "inB";
    .port_info 2 /INPUT 1 "sel";
    .port_info 3 /OUTPUT 8 "dout";
P_0x561b27dec9c0 .param/l "LENGTH" 0 4 2, +C4<00000000000000000000000000001000>;
v0x561b27deca60_0 .net "dout", 7 0, L_0x561b27df71b0;  alias, 1 drivers
v0x561b27decb40_0 .net "inA", 7 0, v0x561b27df69f0_0;  alias, 1 drivers
L_0x7f126a21d060 .functor BUFT 1, C4<00000000>, C4<0>, C4<0>, C4<0>;
v0x561b27decc20_0 .net "inB", 7 0, L_0x7f126a21d060;  1 drivers
v0x561b27decd10_0 .net "sel", 0 0, L_0x561b27df6f60;  alias, 1 drivers
L_0x561b27df71b0 .functor MUXZ 8, v0x561b27df69f0_0, L_0x7f126a21d060, L_0x561b27df6f60, C4<>;
S_0x561b27dece70 .scope module, "M3" "MUX" 3 65, 4 1 0, S_0x561b27dbb250;
 .timescale 0 0;
    .port_info 0 /INPUT 4 "inA";
    .port_info 1 /INPUT 4 "inB";
    .port_info 2 /INPUT 1 "sel";
    .port_info 3 /OUTPUT 4 "dout";
P_0x561b27ded050 .param/l "LENGTH" 0 4 2, +C4<00000000000000000000000000000100>;
v0x561b27ded150_0 .net "dout", 3 0, L_0x561b27df7250;  alias, 1 drivers
v0x561b27ded230_0 .net "inA", 3 0, v0x561b27df6450_0;  alias, 1 drivers
L_0x7f126a21d0a8 .functor BUFT 1, C4<0000>, C4<0>, C4<0>, C4<0>;
v0x561b27ded310_0 .net "inB", 3 0, L_0x7f126a21d0a8;  1 drivers
v0x561b27ded400_0 .net "sel", 0 0, L_0x561b27df6f60;  alias, 1 drivers
L_0x561b27df7250 .functor MUXZ 4, v0x561b27df6450_0, L_0x7f126a21d0a8, L_0x561b27df6f60, C4<>;
S_0x561b27ded570 .scope module, "M4" "MUX" 3 67, 4 1 0, S_0x561b27dbb250;
 .timescale 0 0;
    .port_info 0 /INPUT 32 "inA";
    .port_info 1 /INPUT 32 "inB";
    .port_info 2 /INPUT 1 "sel";
    .port_info 3 /OUTPUT 32 "dout";
P_0x561b27ded750 .param/l "LENGTH" 0 4 2, +C4<00000000000000000000000000100000>;
v0x561b27ded820_0 .net "dout", 31 0, L_0x561b27df7380;  alias, 1 drivers
v0x561b27ded920_0 .net "inA", 31 0, L_0x561b27df7540;  alias, 1 drivers
v0x561b27deda00_0 .net "inB", 31 0, v0x561b27df2e30_0;  alias, 1 drivers
v0x561b27dedaf0_0 .net "sel", 0 0, v0x561b27df0400_0;  alias, 1 drivers
L_0x561b27df7380 .functor MUXZ 32, L_0x561b27df7540, v0x561b27df2e30_0, v0x561b27df0400_0, C4<>;
S_0x561b27dedc60 .scope module, "alu" "ALU" 3 69, 5 1 0, S_0x561b27dbb250;
 .timescale 0 0;
    .port_info 0 /INPUT 8 "inA";
    .port_info 1 /INPUT 8 "inB";
    .port_info 2 /INPUT 4 "sel_tmp";
    .port_info 3 /OUTPUT 8 "dout";
    .port_info 4 /OUTPUT 4 "flags";
v0x561b27dedee0_0 .var "dout", 7 0;
v0x561b27dedfe0_0 .var "flags", 3 0;
v0x561b27dee0c0_0 .net "inA", 7 0, L_0x561b27df7060;  alias, 1 drivers
v0x561b27dee190_0 .net "inB", 7 0, L_0x561b27df71b0;  alias, 1 drivers
v0x561b27dee260_0 .net "sel_tmp", 3 0, L_0x561b27df7250;  alias, 1 drivers
E_0x561b27d70500 .event edge, v0x561b27ded150_0, v0x561b27dc99c0_0, v0x561b27deca60_0, v0x561b27dedee0_0;
S_0x561b27dee400 .scope module, "con" "Controller" 3 79, 6 111 0, S_0x561b27dbb250;
 .timescale 0 0;
    .port_info 0 /INPUT 1 "inputKey";
    .port_info 1 /INPUT 1 "validCmd";
    .port_info 2 /INPUT 1 "clk";
    .port_info 3 /INPUT 1 "reset";
    .port_info 4 /INPUT 1 "RW";
    .port_info 5 /INPUT 1 "txDone";
    .port_info 6 /OUTPUT 1 "active";
    .port_info 7 /OUTPUT 1 "mode";
    .port_info 8 /OUTPUT 1 "AccessMem";
    .port_info 9 /OUTPUT 1 "RWMem";
    .port_info 10 /OUTPUT 1 "SampleData";
    .port_info 11 /OUTPUT 1 "TxData";
    .port_info 12 /OUTPUT 1 "Busy";
L_0x561b27df75e0 .functor BUFZ 1, v0x561b27deffe0_0, C4<0>, C4<0>, C4<0>;
L_0x561b27df7690 .functor BUFZ 1, v0x561b27df0400_0, C4<0>, C4<0>, C4<0>;
v0x561b27df06a0_0 .net "AccessMem", 0 0, v0x561b27deefb0_0;  alias, 1 drivers
v0x561b27df0790_0 .net "Busy", 0 0, v0x561b27def090_0;  alias, 1 drivers
v0x561b27df0860_0 .net "RW", 0 0, L_0x561b27df6fd0;  alias, 1 drivers
v0x561b27df0960_0 .net "RWMem", 0 0, v0x561b27def1f0_0;  alias, 1 drivers
v0x561b27df0a30_0 .net "SampleData", 0 0, v0x561b27def2b0_0;  alias, 1 drivers
v0x561b27df0b20_0 .net "TxData", 0 0, v0x561b27def3c0_0;  alias, 1 drivers
v0x561b27df0bf0_0 .net "active", 0 0, v0x561b27deffe0_0;  alias, 1 drivers
v0x561b27df0cc0_0 .net "activeOut", 0 0, L_0x561b27df75e0;  1 drivers
v0x561b27df0d90_0 .net "clk", 0 0, v0x561b27df65e0_0;  alias, 1 drivers
v0x561b27df0e30_0 .net "inputKey", 0 0, v0x561b27df6b00_0;  alias, 1 drivers
v0x561b27df0ed0_0 .net "mode", 0 0, v0x561b27df0400_0;  alias, 1 drivers
v0x561b27df0fc0_0 .net "modeOut", 0 0, L_0x561b27df7690;  1 drivers
v0x561b27df1060_0 .net "reset", 0 0, v0x561b27df6ba0_0;  alias, 1 drivers
v0x561b27df1150_0 .net "txDone", 0 0, v0x561b27df4080_0;  alias, 1 drivers
v0x561b27df11f0_0 .net "validCmd", 0 0, v0x561b27df6cd0_0;  alias, 1 drivers
S_0x561b27dee720 .scope module, "crwf" "Control_RW_Flow" 6 134, 6 40 0, S_0x561b27dee400;
 .timescale 0 0;
    .port_info 0 /INPUT 1 "validCmd";
    .port_info 1 /INPUT 1 "RW";
    .port_info 2 /INPUT 1 "reset";
    .port_info 3 /INPUT 1 "clk";
    .port_info 4 /INPUT 1 "txDone";
    .port_info 5 /INPUT 1 "active";
    .port_info 6 /INPUT 1 "mode";
    .port_info 7 /OUTPUT 1 "AccessMem";
    .port_info 8 /OUTPUT 1 "RWMem";
    .port_info 9 /OUTPUT 1 "SampleData";
    .port_info 10 /OUTPUT 1 "TxData";
    .port_info 11 /OUTPUT 1 "Busy";
P_0x561b27dee920 .param/l "s0" 0 6 60, C4<000>;
P_0x561b27dee960 .param/l "s1" 0 6 61, C4<001>;
P_0x561b27dee9a0 .param/l "s2" 0 6 62, C4<010>;
P_0x561b27dee9e0 .param/l "s3" 0 6 63, C4<011>;
P_0x561b27deea20 .param/l "s4" 0 6 64, C4<100>;
P_0x561b27deea60 .param/l "s5" 0 6 65, C4<101>;
P_0x561b27deeaa0 .param/l "s6" 0 6 66, C4<110>;
v0x561b27deefb0_0 .var "AccessMem", 0 0;
v0x561b27def090_0 .var "Busy", 0 0;
v0x561b27def150_0 .net "RW", 0 0, L_0x561b27df6fd0;  alias, 1 drivers
v0x561b27def1f0_0 .var "RWMem", 0 0;
v0x561b27def2b0_0 .var "SampleData", 0 0;
v0x561b27def3c0_0 .var "TxData", 0 0;
v0x561b27def480_0 .net "active", 0 0, L_0x561b27df75e0;  alias, 1 drivers
v0x561b27def540_0 .net "clk", 0 0, v0x561b27df65e0_0;  alias, 1 drivers
v0x561b27def600_0 .var "cs", 2 0;
v0x561b27def6e0_0 .net "in", 4 0, L_0x561b27df7720;  1 drivers
v0x561b27def7c0_0 .net "mode", 0 0, L_0x561b27df7690;  alias, 1 drivers
v0x561b27def880_0 .var "ns", 2 0;
v0x561b27def960_0 .net "reset", 0 0, v0x561b27df6ba0_0;  alias, 1 drivers
v0x561b27defa20_0 .net "txDone", 0 0, v0x561b27df4080_0;  alias, 1 drivers
v0x561b27defae0_0 .net "validCmd", 0 0, v0x561b27df6cd0_0;  alias, 1 drivers
E_0x561b27d708b0 .event edge, v0x561b27def600_0;
E_0x561b27d5b780 .event edge, v0x561b27def6e0_0, v0x561b27def600_0;
E_0x561b27dd4100 .event posedge, v0x561b27def960_0, v0x561b27def540_0;
LS_0x561b27df7720_0_0 .concat [ 1 1 1 1], v0x561b27df4080_0, L_0x561b27df6fd0, L_0x561b27df7690, L_0x561b27df75e0;
LS_0x561b27df7720_0_4 .concat [ 1 0 0 0], v0x561b27df6cd0_0;
L_0x561b27df7720 .concat [ 4 1 0 0], LS_0x561b27df7720_0_0, LS_0x561b27df7720_0_4;
S_0x561b27defd90 .scope module, "decInKey" "DecInputKey" 6 131, 6 1 0, S_0x561b27dee400;
 .timescale 0 0;
    .port_info 0 /INPUT 1 "inputKey";
    .port_info 1 /INPUT 1 "validCmd";
    .port_info 2 /INPUT 1 "reset";
    .port_info 3 /INPUT 1 "clk";
    .port_info 4 /OUTPUT 1 "active";
    .port_info 5 /OUTPUT 1 "mode";
v0x561b27deffe0_0 .var "active", 0 0;
v0x561b27df00a0_0 .net "clk", 0 0, v0x561b27df65e0_0;  alias, 1 drivers
v0x561b27df0160_0 .var "i", 2 0;
v0x561b27df0230_0 .net "inputKey", 0 0, v0x561b27df6b00_0;  alias, 1 drivers
v0x561b27df02d0_0 .var "mem", 4 0;
v0x561b27df0400_0 .var "mode", 0 0;
v0x561b27df04a0_0 .net "reset", 0 0, v0x561b27df6ba0_0;  alias, 1 drivers
v0x561b27df0570_0 .net "validCmd", 0 0, v0x561b27df6cd0_0;  alias, 1 drivers
S_0x561b27df1300 .scope module, "concat" "Concatenator" 3 71, 7 1 0, S_0x561b27dbb250;
 .timescale 0 0;
    .port_info 0 /INPUT 8 "a";
    .port_info 1 /INPUT 8 "b";
    .port_info 2 /INPUT 8 "c";
    .port_info 3 /INPUT 4 "d";
    .port_info 4 /INPUT 4 "e";
    .port_info 5 /OUTPUT 32 "dout";
v0x561b27df1580_0 .net "a", 7 0, L_0x561b27df7060;  alias, 1 drivers
v0x561b27df16b0_0 .net "b", 7 0, L_0x561b27df71b0;  alias, 1 drivers
v0x561b27df17c0_0 .net "c", 7 0, v0x561b27dedee0_0;  alias, 1 drivers
v0x561b27df1860_0 .net "d", 3 0, v0x561b27df6450_0;  alias, 1 drivers
v0x561b27df1900_0 .net "dout", 31 0, L_0x561b27df7540;  alias, 1 drivers
v0x561b27df19f0_0 .net "e", 3 0, v0x561b27dedfe0_0;  alias, 1 drivers
LS_0x561b27df7540_0_0 .concat [ 8 8 8 4], L_0x561b27df7060, L_0x561b27df71b0, v0x561b27dedee0_0, v0x561b27df6450_0;
LS_0x561b27df7540_0_4 .concat [ 4 0 0 0], v0x561b27dedfe0_0;
L_0x561b27df7540 .concat [ 28 4 0 0], LS_0x561b27df7540_0_0, LS_0x561b27df7540_0_4;
S_0x561b27df1ba0 .scope module, "fd" "Frequency_Divider" 3 73, 8 1 0, S_0x561b27dbb250;
 .timescale 0 0;
    .port_info 0 /INPUT 32 "din";
    .port_info 1 /INPUT 1 "configDiv";
    .port_info 2 /INPUT 1 "reset";
    .port_info 3 /INPUT 1 "clk";
    .port_info 4 /INPUT 1 "enable";
    .port_info 5 /OUTPUT 1 "clkOut";
v0x561b27df1ea0_0 .net "clk", 0 0, v0x561b27df65e0_0;  alias, 1 drivers
v0x561b27df1f60_0 .var "clkOut", 0 0;
v0x561b27df2020_0 .net "configDiv", 0 0, v0x561b27df6770_0;  alias, 1 drivers
v0x561b27df20f0_0 .var "counter", 31 0;
v0x561b27df21d0_0 .net "din", 31 0, v0x561b27df6810_0;  alias, 1 drivers
v0x561b27df2300_0 .net "enable", 0 0, v0x561b27deffe0_0;  alias, 1 drivers
v0x561b27df23f0_0 .var "mem", 31 0;
v0x561b27df24d0_0 .net "reset", 0 0, L_0x561b27df6f60;  alias, 1 drivers
E_0x561b27df1e20 .event posedge, v0x561b27dce150_0, v0x561b27def540_0;
S_0x561b27df2670 .scope module, "mem" "Memory" 3 75, 9 1 0, S_0x561b27dbb250;
 .timescale 0 0;
    .port_info 0 /INPUT 32 "din";
    .port_info 1 /INPUT 8 "addr";
    .port_info 2 /INPUT 1 "RW";
    .port_info 3 /INPUT 1 "valid";
    .port_info 4 /INPUT 1 "reset";
    .port_info 5 /INPUT 1 "clk";
    .port_info 6 /OUTPUT 32 "dout";
P_0x561b27df28e0 .param/l "DEPTH" 0 9 3, +C4<00000000000000000000000000001000>;
P_0x561b27df2920 .param/l "WIDTH" 0 9 2, +C4<00000000000000000000000000100000>;
v0x561b27df2b50_0 .net "RW", 0 0, v0x561b27def1f0_0;  alias, 1 drivers
v0x561b27df2c10_0 .net "addr", 7 0, v0x561b27df6080_0;  alias, 1 drivers
v0x561b27df2cf0_0 .net "clk", 0 0, v0x561b27df65e0_0;  alias, 1 drivers
v0x561b27df2d90_0 .net "din", 31 0, L_0x561b27df7540;  alias, 1 drivers
v0x561b27df2e30_0 .var "dout", 31 0;
v0x561b27df2f40_0 .var "i", 8 0;
v0x561b27df3000 .array "mem", 255 0, 31 0;
v0x561b27df30c0_0 .net "reset", 0 0, L_0x561b27df6f60;  alias, 1 drivers
v0x561b27df31f0_0 .net "valid", 0 0, v0x561b27deefb0_0;  alias, 1 drivers
S_0x561b27df3440 .scope module, "st" "Serial_Transceiver" 3 77, 10 1 0, S_0x561b27dbb250;
 .timescale 0 0;
    .port_info 0 /INPUT 32 "din";
    .port_info 1 /INPUT 1 "sample";
    .port_info 2 /INPUT 1 "startTx";
    .port_info 3 /INPUT 1 "reset";
    .port_info 4 /INPUT 1 "clk";
    .port_info 5 /INPUT 1 "clkTx";
    .port_info 6 /OUTPUT 1 "txDone";
    .port_info 7 /OUTPUT 1 "txBusy";
    .port_info 8 /OUTPUT 1 "dout";
P_0x561b27df35d0 .param/l "LENGTH" 0 10 2, +C4<00000000000000000000000000000001>;
v0x561b27df3870_0 .net "clk", 0 0, v0x561b27df65e0_0;  alias, 1 drivers
v0x561b27df3930_0 .net "clkTx", 0 0, L_0x561b27dcc230;  alias, 1 drivers
v0x561b27df39f0_0 .net "din", 31 0, L_0x561b27df7380;  alias, 1 drivers
v0x561b27df3ac0_0 .var "dout", 0 0;
v0x561b27df3b80_0 .var "i", 5 0;
v0x561b27df3cb0_0 .var "mem", 31 0;
v0x561b27df3d90_0 .net "reset", 0 0, L_0x561b27df6f60;  alias, 1 drivers
v0x561b27df3e30_0 .net "sample", 0 0, v0x561b27def2b0_0;  alias, 1 drivers
v0x561b27df3f20_0 .net "startTx", 0 0, v0x561b27def3c0_0;  alias, 1 drivers
v0x561b27df3fc0_0 .var "txBusy", 0 0;
v0x561b27df4080_0 .var "txDone", 0 0;
E_0x561b27dd47f0 .event posedge, v0x561b27dce150_0, v0x561b27def540_0, v0x561b27df3930_0;
    .scope S_0x561b27dedc60;
T_0 ;
    %wait E_0x561b27d70500;
    %pushi/vec4 0, 0, 4;
    %store/vec4 v0x561b27dedfe0_0, 0, 4;
    %load/vec4 v0x561b27dee260_0;
    %dup/vec4;
    %pushi/vec4 0, 0, 4;
    %cmp/u;
    %jmp/1 T_0.0, 6;
    %dup/vec4;
    %pushi/vec4 1, 0, 4;
    %cmp/u;
    %jmp/1 T_0.1, 6;
    %dup/vec4;
    %pushi/vec4 2, 0, 4;
    %cmp/u;
    %jmp/1 T_0.2, 6;
    %dup/vec4;
    %pushi/vec4 3, 0, 4;
    %cmp/u;
    %jmp/1 T_0.3, 6;
    %dup/vec4;
    %pushi/vec4 4, 0, 4;
    %cmp/u;
    %jmp/1 T_0.4, 6;
    %dup/vec4;
    %pushi/vec4 5, 0, 4;
    %cmp/u;
    %jmp/1 T_0.5, 6;
    %dup/vec4;
    %pushi/vec4 6, 0, 4;
    %cmp/u;
    %jmp/1 T_0.6, 6;
    %dup/vec4;
    %pushi/vec4 7, 0, 4;
    %cmp/u;
    %jmp/1 T_0.7, 6;
    %dup/vec4;
    %pushi/vec4 8, 0, 4;
    %cmp/u;
    %jmp/1 T_0.8, 6;
    %dup/vec4;
    %pushi/vec4 9, 0, 4;
    %cmp/u;
    %jmp/1 T_0.9, 6;
    %dup/vec4;
    %pushi/vec4 10, 0, 4;
    %cmp/u;
    %jmp/1 T_0.10, 6;
    %dup/vec4;
    %pushi/vec4 11, 0, 4;
    %cmp/u;
    %jmp/1 T_0.11, 6;
    %dup/vec4;
    %pushi/vec4 12, 0, 4;
    %cmp/u;
    %jmp/1 T_0.12, 6;
    %dup/vec4;
    %pushi/vec4 13, 0, 4;
    %cmp/u;
    %jmp/1 T_0.13, 6;
    %dup/vec4;
    %pushi/vec4 14, 0, 4;
    %cmp/u;
    %jmp/1 T_0.14, 6;
    %dup/vec4;
    %pushi/vec4 15, 0, 4;
    %cmp/u;
    %jmp/1 T_0.15, 6;
    %jmp T_0.16;
T_0.0 ;
    %load/vec4 v0x561b27dee0c0_0;
    %pad/u 32;
    %load/vec4 v0x561b27dee190_0;
    %pad/u 32;
    %add;
    %cmpi/u 256, 0, 32;
    %flag_inv 5; GE is !LT
    %jmp/0xz  T_0.17, 5;
    %pushi/vec4 1, 0, 1;
    %ix/load 4, 2, 0;
    %flag_set/imm 4, 0;
    %store/vec4 v0x561b27dedfe0_0, 4, 1;
T_0.17 ;
    %load/vec4 v0x561b27dee0c0_0;
    %pad/u 32;
    %load/vec4 v0x561b27dee190_0;
    %pad/u 32;
    %add;
    %cmpi/e 0, 0, 32;
    %jmp/0xz  T_0.19, 4;
    %pushi/vec4 1, 0, 1;
    %ix/load 4, 0, 0;
    %flag_set/imm 4, 0;
    %store/vec4 v0x561b27dedfe0_0, 4, 1;
T_0.19 ;
    %load/vec4 v0x561b27dee0c0_0;
    %load/vec4 v0x561b27dee190_0;
    %add;
    %store/vec4 v0x561b27dedee0_0, 0, 8;
    %jmp T_0.16;
T_0.1 ;
    %load/vec4 v0x561b27dee0c0_0;
    %load/vec4 v0x561b27dee190_0;
    %cmp/u;
    %jmp/0xz  T_0.21, 5;
    %pushi/vec4 1, 0, 1;
    %ix/load 4, 3, 0;
    %flag_set/imm 4, 0;
    %store/vec4 v0x561b27dedfe0_0, 4, 1;
T_0.21 ;
    %load/vec4 v0x561b27dee0c0_0;
    %pad/u 32;
    %load/vec4 v0x561b27dee190_0;
    %pad/u 32;
    %sub;
    %cmpi/e 0, 0, 32;
    %jmp/0xz  T_0.23, 4;
    %pushi/vec4 1, 0, 1;
    %ix/load 4, 0, 0;
    %flag_set/imm 4, 0;
    %store/vec4 v0x561b27dedfe0_0, 4, 1;
T_0.23 ;
    %load/vec4 v0x561b27dee0c0_0;
    %load/vec4 v0x561b27dee190_0;
    %sub;
    %store/vec4 v0x561b27dedee0_0, 0, 8;
    %jmp T_0.16;
T_0.2 ;
    %load/vec4 v0x561b27dee0c0_0;
    %pad/u 32;
    %load/vec4 v0x561b27dee190_0;
    %pad/u 32;
    %mul;
    %cmpi/u 256, 0, 32;
    %flag_inv 5; GE is !LT
    %jmp/0xz  T_0.25, 5;
    %pushi/vec4 1, 0, 1;
    %ix/load 4, 2, 0;
    %flag_set/imm 4, 0;
    %store/vec4 v0x561b27dedfe0_0, 4, 1;
T_0.25 ;
    %load/vec4 v0x561b27dee0c0_0;
    %pad/u 32;
    %load/vec4 v0x561b27dee190_0;
    %pad/u 32;
    %mul;
    %cmpi/e 0, 0, 32;
    %jmp/0xz  T_0.27, 4;
    %pushi/vec4 1, 0, 1;
    %ix/load 4, 0, 0;
    %flag_set/imm 4, 0;
    %store/vec4 v0x561b27dedfe0_0, 4, 1;
T_0.27 ;
    %load/vec4 v0x561b27dee0c0_0;
    %load/vec4 v0x561b27dee190_0;
    %mul;
    %store/vec4 v0x561b27dedee0_0, 0, 8;
    %jmp T_0.16;
T_0.3 ;
    %load/vec4 v0x561b27dee190_0;
    %pad/u 32;
    %cmpi/e 0, 0, 32;
    %jmp/0xz  T_0.29, 4;
    %pushi/vec4 1, 0, 1;
    %ix/load 4, 2, 0;
    %flag_set/imm 4, 0;
    %store/vec4 v0x561b27dedfe0_0, 4, 1;
    %pushi/vec4 0, 0, 8;
    %store/vec4 v0x561b27dedee0_0, 0, 8;
    %jmp T_0.30;
T_0.29 ;
    %load/vec4 v0x561b27dee0c0_0;
    %load/vec4 v0x561b27dee190_0;
    %cmp/u;
    %jmp/0xz  T_0.31, 5;
    %pushi/vec4 1, 0, 1;
    %ix/load 4, 3, 0;
    %flag_set/imm 4, 0;
    %store/vec4 v0x561b27dedfe0_0, 4, 1;
    %pushi/vec4 0, 0, 8;
    %store/vec4 v0x561b27dedee0_0, 0, 8;
    %jmp T_0.32;
T_0.31 ;
    %load/vec4 v0x561b27dee0c0_0;
    %load/vec4 v0x561b27dee190_0;
    %div;
    %store/vec4 v0x561b27dedee0_0, 0, 8;
T_0.32 ;
T_0.30 ;
    %jmp T_0.16;
T_0.4 ;
    %load/vec4 v0x561b27dee190_0;
    %pad/u 32;
    %cmpi/u 8, 0, 32;
    %flag_inv 5; GE is !LT
    %jmp/0xz  T_0.33, 5;
    %pushi/vec4 1, 0, 1;
    %ix/load 4, 0, 0;
    %flag_set/imm 4, 0;
    %store/vec4 v0x561b27dedfe0_0, 4, 1;
    %pushi/vec4 0, 0, 8;
    %store/vec4 v0x561b27dedee0_0, 0, 8;
    %jmp T_0.34;
T_0.33 ;
    %load/vec4 v0x561b27dee0c0_0;
    %ix/getv 4, v0x561b27dee190_0;
    %shiftl 4;
    %store/vec4 v0x561b27dedee0_0, 0, 8;
    %load/vec4 v0x561b27dee0c0_0;
    %pushi/vec4 7, 0, 32;
    %load/vec4 v0x561b27dee190_0;
    %pad/u 32;
    %sub;
    %addi 1, 0, 32;
    %part/u 1;
    %ix/load 4, 1, 0;
    %flag_set/imm 4, 0;
    %store/vec4 v0x561b27dedfe0_0, 4, 1;
    %load/vec4 v0x561b27dedee0_0;
    %cmpi/e 0, 0, 8;
    %jmp/0xz  T_0.35, 4;
    %pushi/vec4 1, 0, 1;
    %ix/load 4, 0, 0;
    %flag_set/imm 4, 0;
    %store/vec4 v0x561b27dedfe0_0, 4, 1;
T_0.35 ;
T_0.34 ;
    %jmp T_0.16;
T_0.5 ;
    %load/vec4 v0x561b27dee190_0;
    %pad/u 32;
    %cmpi/u 8, 0, 32;
    %flag_inv 5; GE is !LT
    %jmp/0xz  T_0.37, 5;
    %pushi/vec4 1, 0, 1;
    %ix/load 4, 0, 0;
    %flag_set/imm 4, 0;
    %store/vec4 v0x561b27dedfe0_0, 4, 1;
    %pushi/vec4 0, 0, 8;
    %store/vec4 v0x561b27dedee0_0, 0, 8;
    %jmp T_0.38;
T_0.37 ;
    %load/vec4 v0x561b27dee0c0_0;
    %ix/getv 4, v0x561b27dee190_0;
    %shiftr 4;
    %store/vec4 v0x561b27dedee0_0, 0, 8;
    %load/vec4 v0x561b27dee0c0_0;
    %load/vec4 v0x561b27dee190_0;
    %pad/u 32;
    %subi 1, 0, 32;
    %part/u 1;
    %ix/load 4, 1, 0;
    %flag_set/imm 4, 0;
    %store/vec4 v0x561b27dedfe0_0, 4, 1;
    %load/vec4 v0x561b27dedee0_0;
    %cmpi/e 0, 0, 8;
    %jmp/0xz  T_0.39, 4;
    %pushi/vec4 1, 0, 1;
    %ix/load 4, 0, 0;
    %flag_set/imm 4, 0;
    %store/vec4 v0x561b27dedfe0_0, 4, 1;
T_0.39 ;
T_0.38 ;
    %jmp T_0.16;
T_0.6 ;
    %load/vec4 v0x561b27dee0c0_0;
    %load/vec4 v0x561b27dee190_0;
    %and;
    %store/vec4 v0x561b27dedee0_0, 0, 8;
    %load/vec4 v0x561b27dedee0_0;
    %cmpi/e 0, 0, 8;
    %jmp/0xz  T_0.41, 4;
    %pushi/vec4 1, 0, 1;
    %ix/load 4, 0, 0;
    %flag_set/imm 4, 0;
    %store/vec4 v0x561b27dedfe0_0, 4, 1;
T_0.41 ;
    %jmp T_0.16;
T_0.7 ;
    %load/vec4 v0x561b27dee0c0_0;
    %load/vec4 v0x561b27dee190_0;
    %or;
    %store/vec4 v0x561b27dedee0_0, 0, 8;
    %load/vec4 v0x561b27dedee0_0;
    %cmpi/e 0, 0, 8;
    %jmp/0xz  T_0.43, 4;
    %pushi/vec4 1, 0, 1;
    %ix/load 4, 0, 0;
    %flag_set/imm 4, 0;
    %store/vec4 v0x561b27dedfe0_0, 4, 1;
T_0.43 ;
    %jmp T_0.16;
T_0.8 ;
    %load/vec4 v0x561b27dee0c0_0;
    %load/vec4 v0x561b27dee190_0;
    %xor;
    %store/vec4 v0x561b27dedee0_0, 0, 8;
    %load/vec4 v0x561b27dedee0_0;
    %cmpi/e 0, 0, 8;
    %jmp/0xz  T_0.45, 4;
    %pushi/vec4 1, 0, 1;
    %ix/load 4, 0, 0;
    %flag_set/imm 4, 0;
    %store/vec4 v0x561b27dedfe0_0, 4, 1;
T_0.45 ;
    %jmp T_0.16;
T_0.9 ;
    %load/vec4 v0x561b27dee0c0_0;
    %load/vec4 v0x561b27dee190_0;
    %xnor;
    %store/vec4 v0x561b27dedee0_0, 0, 8;
    %load/vec4 v0x561b27dedee0_0;
    %cmpi/e 0, 0, 8;
    %jmp/0xz  T_0.47, 4;
    %pushi/vec4 1, 0, 1;
    %ix/load 4, 0, 0;
    %flag_set/imm 4, 0;
    %store/vec4 v0x561b27dedfe0_0, 4, 1;
T_0.47 ;
    %jmp T_0.16;
T_0.10 ;
    %load/vec4 v0x561b27dee0c0_0;
    %load/vec4 v0x561b27dee190_0;
    %nand;
    %store/vec4 v0x561b27dedee0_0, 0, 8;
    %load/vec4 v0x561b27dedee0_0;
    %cmpi/e 0, 0, 8;
    %jmp/0xz  T_0.49, 4;
    %pushi/vec4 1, 0, 1;
    %ix/load 4, 0, 0;
    %flag_set/imm 4, 0;
    %store/vec4 v0x561b27dedfe0_0, 4, 1;
T_0.49 ;
    %jmp T_0.16;
T_0.11 ;
    %load/vec4 v0x561b27dee0c0_0;
    %load/vec4 v0x561b27dee190_0;
    %nor;
    %store/vec4 v0x561b27dedee0_0, 0, 8;
    %load/vec4 v0x561b27dedee0_0;
    %cmpi/e 0, 0, 8;
    %jmp/0xz  T_0.51, 4;
    %pushi/vec4 1, 0, 1;
    %ix/load 4, 0, 0;
    %flag_set/imm 4, 0;
    %store/vec4 v0x561b27dedfe0_0, 4, 1;
T_0.51 ;
    %jmp T_0.16;
T_0.12 ;
    %pushi/vec4 0, 0, 8;
    %store/vec4 v0x561b27dedee0_0, 0, 8;
    %pushi/vec4 0, 0, 4;
    %store/vec4 v0x561b27dedfe0_0, 0, 4;
    %jmp T_0.16;
T_0.13 ;
    %pushi/vec4 0, 0, 8;
    %store/vec4 v0x561b27dedee0_0, 0, 8;
    %pushi/vec4 0, 0, 4;
    %store/vec4 v0x561b27dedfe0_0, 0, 4;
    %jmp T_0.16;
T_0.14 ;
    %pushi/vec4 0, 0, 8;
    %store/vec4 v0x561b27dedee0_0, 0, 8;
    %pushi/vec4 0, 0, 4;
    %store/vec4 v0x561b27dedfe0_0, 0, 4;
    %jmp T_0.16;
T_0.15 ;
    %pushi/vec4 0, 0, 8;
    %store/vec4 v0x561b27dedee0_0, 0, 8;
    %pushi/vec4 0, 0, 4;
    %store/vec4 v0x561b27dedfe0_0, 0, 4;
    %jmp T_0.16;
T_0.16 ;
    %pop/vec4 1;
    %jmp T_0;
    .thread T_0, $push;
    .scope S_0x561b27df1ba0;
T_1 ;
    %pushi/vec4 0, 0, 32;
    %store/vec4 v0x561b27df20f0_0, 0, 32;
    %end;
    .thread T_1;
    .scope S_0x561b27df1ba0;
T_2 ;
    %wait E_0x561b27df1e20;
    %load/vec4 v0x561b27df24d0_0;
    %flag_set/vec4 8;
    %jmp/0xz  T_2.0, 8;
    %pushi/vec4 1, 0, 32;
    %assign/vec4 v0x561b27df23f0_0, 0;
    %pushi/vec4 0, 0, 1;
    %assign/vec4 v0x561b27df1f60_0, 0;
    %jmp T_2.1;
T_2.0 ;
    %load/vec4 v0x561b27df2300_0;
    %inv;
    %flag_set/vec4 8;
    %jmp/0xz  T_2.2, 8;
    %pushi/vec4 0, 0, 1;
    %assign/vec4 v0x561b27df1f60_0, 0;
    %load/vec4 v0x561b27df2020_0;
    %flag_set/vec4 8;
    %jmp/0xz  T_2.4, 8;
    %load/vec4 v0x561b27df21d0_0;
    %assign/vec4 v0x561b27df23f0_0, 0;
T_2.4 ;
    %jmp T_2.3;
T_2.2 ;
    %load/vec4 v0x561b27df20f0_0;
    %addi 1, 0, 32;
    %assign/vec4 v0x561b27df20f0_0, 0;
    %load/vec4 v0x561b27df23f0_0;
    %subi 1, 0, 32;
    %load/vec4 v0x561b27df20f0_0;
    %cmp/u;
    %flag_or 5, 4;
    %jmp/0xz  T_2.6, 5;
    %pushi/vec4 0, 0, 32;
    %assign/vec4 v0x561b27df20f0_0, 0;
T_2.6 ;
    %load/vec4 v0x561b27df20f0_0;
    %load/vec4 v0x561b27df23f0_0;
    %pushi/vec4 2, 0, 32;
    %div;
    %cmp/u;
    %flag_mov 8, 5;
    %jmp/0 T_2.8, 8;
    %pushi/vec4 1, 0, 1;
    %jmp/1 T_2.9, 8;
T_2.8 ; End of true expr.
    %pushi/vec4 0, 0, 1;
    %jmp/0 T_2.9, 8;
 ; End of false expr.
    %blend;
T_2.9;
    %assign/vec4 v0x561b27df1f60_0, 0;
T_2.3 ;
T_2.1 ;
    %jmp T_2;
    .thread T_2;
    .scope S_0x561b27df2670;
T_3 ;
    %wait E_0x561b27df1e20;
    %load/vec4 v0x561b27df30c0_0;
    %flag_set/vec4 8;
    %jmp/0xz  T_3.0, 8;
    %pushi/vec4 0, 0, 9;
    %store/vec4 v0x561b27df2f40_0, 0, 9;
T_3.2 ;
    %load/vec4 v0x561b27df2f40_0;
    %pad/u 32;
    %cmpi/u 256, 0, 32;
    %jmp/0xz T_3.3, 5;
    %pushi/vec4 0, 0, 32;
    %load/vec4 v0x561b27df2f40_0;
    %pad/u 10;
    %ix/vec4 3;
    %ix/load 4, 0, 0; Constant delay
    %assign/vec4/a/d v0x561b27df3000, 0, 4;
    %load/vec4 v0x561b27df2f40_0;
    %addi 1, 0, 9;
    %store/vec4 v0x561b27df2f40_0, 0, 9;
    %jmp T_3.2;
T_3.3 ;
    %pushi/vec4 0, 0, 32;
    %assign/vec4 v0x561b27df2e30_0, 0;
    %jmp T_3.1;
T_3.0 ;
    %load/vec4 v0x561b27df2cf0_0;
    %flag_set/vec4 8;
    %jmp/0xz  T_3.4, 8;
    %load/vec4 v0x561b27df31f0_0;
    %flag_set/vec4 8;
    %jmp/0xz  T_3.6, 8;
    %load/vec4 v0x561b27df2b50_0;
    %flag_set/vec4 8;
    %jmp/0xz  T_3.8, 8;
    %load/vec4 v0x561b27df2d90_0;
    %load/vec4 v0x561b27df2c10_0;
    %pad/u 10;
    %ix/vec4 3;
    %ix/load 4, 0, 0; Constant delay
    %assign/vec4/a/d v0x561b27df3000, 0, 4;
    %jmp T_3.9;
T_3.8 ;
    %load/vec4 v0x561b27df2c10_0;
    %pad/u 10;
    %ix/vec4 4;
    %load/vec4a v0x561b27df3000, 4;
    %assign/vec4 v0x561b27df2e30_0, 0;
T_3.9 ;
    %jmp T_3.7;
T_3.6 ;
    %pushi/vec4 0, 0, 32;
    %assign/vec4 v0x561b27df2e30_0, 0;
T_3.7 ;
T_3.4 ;
T_3.1 ;
    %jmp T_3;
    .thread T_3;
    .scope S_0x561b27df3440;
T_4 ;
    %pushi/vec4 32, 0, 6;
    %store/vec4 v0x561b27df3b80_0, 0, 6;
    %end;
    .thread T_4;
    .scope S_0x561b27df3440;
T_5 ;
    %wait E_0x561b27dd47f0;
    %load/vec4 v0x561b27df3d90_0;
    %flag_set/vec4 8;
    %jmp/0xz  T_5.0, 8;
    %pushi/vec4 0, 0, 32;
    %store/vec4 v0x561b27df3cb0_0, 0, 32;
    %pushi/vec4 0, 0, 1;
    %store/vec4 v0x561b27df4080_0, 0, 1;
    %pushi/vec4 0, 0, 1;
    %store/vec4 v0x561b27df3fc0_0, 0, 1;
    %pushi/vec4 0, 0, 1;
    %store/vec4 v0x561b27df3ac0_0, 0, 1;
    %jmp T_5.1;
T_5.0 ;
    %load/vec4 v0x561b27df3870_0;
    %flag_set/vec4 8;
    %jmp/0xz  T_5.2, 8;
    %load/vec4 v0x561b27df3e30_0;
    %flag_set/vec4 9;
    %flag_get/vec4 9;
    %jmp/0 T_5.6, 9;
    %load/vec4 v0x561b27df3f20_0;
    %inv;
    %and;
T_5.6;
    %flag_set/vec4 8;
    %jmp/0xz  T_5.4, 8;
    %load/vec4 v0x561b27df39f0_0;
    %assign/vec4 v0x561b27df3cb0_0, 0;
    %pushi/vec4 32, 0, 6;
    %store/vec4 v0x561b27df3b80_0, 0, 6;
    %jmp T_5.5;
T_5.4 ;
    %load/vec4 v0x561b27df3e30_0;
    %inv;
    %flag_set/vec4 9;
    %flag_get/vec4 9;
    %jmp/0 T_5.9, 9;
    %load/vec4 v0x561b27df3f20_0;
    %and;
T_5.9;
    %flag_set/vec4 8;
    %jmp/0xz  T_5.7, 8;
    %pushi/vec4 1, 0, 1;
    %assign/vec4 v0x561b27df3fc0_0, 0;
T_5.7 ;
T_5.5 ;
    %load/vec4 v0x561b27df4080_0;
    %cmpi/e 1, 0, 1;
    %jmp/0xz  T_5.10, 4;
    %pushi/vec4 0, 0, 1;
    %assign/vec4 v0x561b27df3fc0_0, 0;
T_5.10 ;
T_5.2 ;
    %load/vec4 v0x561b27df3930_0;
    %flag_set/vec4 8;
    %jmp/0xz  T_5.12, 8;
    %load/vec4 v0x561b27df3b80_0;
    %pad/u 32;
    %cmpi/ne 0, 0, 32;
    %flag_get/vec4 4;
    %jmp/0 T_5.16, 4;
    %load/vec4 v0x561b27df3fc0_0;
    %pushi/vec4 1, 0, 1;
    %cmp/e;
    %flag_get/vec4 4;
    %and;
T_5.16;
    %flag_set/vec4 8;
    %jmp/0xz  T_5.14, 8;
    %load/vec4 v0x561b27df3cb0_0;
    %parti/s 1, 31, 6;
    %assign/vec4 v0x561b27df3ac0_0, 0;
    %load/vec4 v0x561b27df3cb0_0;
    %ix/load 4, 1, 0;
    %flag_set/imm 4, 0;
    %shiftl 4;
    %assign/vec4 v0x561b27df3cb0_0, 0;
    %load/vec4 v0x561b27df3b80_0;
    %subi 1, 0, 6;
    %store/vec4 v0x561b27df3b80_0, 0, 6;
    %load/vec4 v0x561b27df3b80_0;
    %pad/u 32;
    %cmpi/e 0, 0, 32;
    %jmp/0xz  T_5.17, 4;
    %pushi/vec4 1, 0, 1;
    %assign/vec4 v0x561b27df4080_0, 0;
T_5.17 ;
T_5.14 ;
T_5.12 ;
T_5.1 ;
    %jmp T_5;
    .thread T_5;
    .scope S_0x561b27defd90;
T_6 ;
    %pushi/vec4 0, 0, 3;
    %store/vec4 v0x561b27df0160_0, 0, 3;
    %end;
    .thread T_6;
    .scope S_0x561b27defd90;
T_7 ;
    %wait E_0x561b27dd4100;
    %load/vec4 v0x561b27df04a0_0;
    %flag_set/vec4 8;
    %jmp/0xz  T_7.0, 8;
    %pushi/vec4 0, 0, 5;
    %store/vec4 v0x561b27df02d0_0, 0, 5;
    %pushi/vec4 0, 0, 3;
    %store/vec4 v0x561b27df0160_0, 0, 3;
    %pushi/vec4 0, 0, 1;
    %store/vec4 v0x561b27deffe0_0, 0, 1;
    %pushi/vec4 0, 0, 1;
    %store/vec4 v0x561b27df0400_0, 0, 1;
    %jmp T_7.1;
T_7.0 ;
    %load/vec4 v0x561b27df0570_0;
    %flag_set/vec4 8;
    %jmp/0xz  T_7.2, 8;
    %load/vec4 v0x561b27df0160_0;
    %pad/u 32;
    %cmpi/u 5, 0, 32;
    %jmp/0xz  T_7.4, 5;
    %load/vec4 v0x561b27df0230_0;
    %ix/getv 4, v0x561b27df0160_0;
    %store/vec4 v0x561b27df02d0_0, 4, 1;
    %load/vec4 v0x561b27df0160_0;
    %addi 1, 0, 3;
    %store/vec4 v0x561b27df0160_0, 0, 3;
T_7.4 ;
T_7.2 ;
    %load/vec4 v0x561b27df0160_0;
    %pad/u 32;
    %cmpi/e 5, 0, 32;
    %jmp/0xz  T_7.6, 4;
    %load/vec4 v0x561b27df02d0_0;
    %parti/s 4, 0, 2;
    %cmpi/e 5, 0, 4;
    %jmp/0xz  T_7.8, 4;
    %pushi/vec4 1, 0, 1;
    %assign/vec4 v0x561b27deffe0_0, 0;
    %load/vec4 v0x561b27df02d0_0;
    %parti/s 1, 4, 4;
    %assign/vec4 v0x561b27df0400_0, 0;
    %load/vec4 v0x561b27df0570_0;
    %flag_set/vec4 8;
    %jmp/0xz  T_7.10, 8;
    %load/vec4 v0x561b27df0230_0;
    %assign/vec4 v0x561b27df0400_0, 0;
T_7.10 ;
T_7.8 ;
T_7.6 ;
T_7.1 ;
    %jmp T_7;
    .thread T_7;
    .scope S_0x561b27dee720;
T_8 ;
    %wait E_0x561b27dd4100;
    %load/vec4 v0x561b27def960_0;
    %flag_set/vec4 8;
    %jmp/0xz  T_8.0, 8;
    %pushi/vec4 0, 0, 3;
    %assign/vec4 v0x561b27def600_0, 0;
    %jmp T_8.1;
T_8.0 ;
    %load/vec4 v0x561b27def880_0;
    %assign/vec4 v0x561b27def600_0, 0;
T_8.1 ;
    %jmp T_8;
    .thread T_8;
    .scope S_0x561b27dee720;
T_9 ;
    %wait E_0x561b27d5b780;
    %load/vec4 v0x561b27def600_0;
    %load/vec4 v0x561b27def6e0_0;
    %concat/vec4; draw_concat_vec4
    %dup/vec4;
    %pushi/vec4 15, 15, 8;
    %cmp/x;
    %jmp/1 T_9.0, 4;
    %dup/vec4;
    %pushi/vec4 29, 1, 8;
    %cmp/x;
    %jmp/1 T_9.1, 4;
    %dup/vec4;
    %pushi/vec4 60, 16, 8;
    %cmp/x;
    %jmp/1 T_9.2, 4;
    %dup/vec4;
    %pushi/vec4 92, 20, 8;
    %cmp/x;
    %jmp/1 T_9.3, 4;
    %dup/vec4;
    %pushi/vec4 124, 20, 8;
    %cmp/x;
    %jmp/1 T_9.4, 4;
    %dup/vec4;
    %pushi/vec4 125, 20, 8;
    %cmp/x;
    %jmp/1 T_9.5, 4;
    %dup/vec4;
    %pushi/vec4 31, 1, 8;
    %cmp/x;
    %jmp/1 T_9.6, 4;
    %dup/vec4;
    %pushi/vec4 159, 1, 8;
    %cmp/x;
    %jmp/1 T_9.7, 4;
    %dup/vec4;
    %pushi/vec4 157, 1, 8;
    %cmp/x;
    %jmp/1 T_9.8, 4;
    %dup/vec4;
    %pushi/vec4 27, 3, 8;
    %cmp/x;
    %jmp/1 T_9.9, 4;
    %dup/vec4;
    %pushi/vec4 184, 16, 8;
    %cmp/x;
    %jmp/1 T_9.10, 4;
    %dup/vec4;
    %pushi/vec4 216, 16, 8;
    %cmp/x;
    %jmp/1 T_9.11, 4;
    %dup/vec4;
    %pushi/vec4 217, 16, 8;
    %cmp/x;
    %jmp/1 T_9.12, 4;
    %jmp T_9.13;
T_9.0 ;
    %pushi/vec4 0, 0, 3;
    %assign/vec4 v0x561b27def880_0, 0;
    %jmp T_9.13;
T_9.1 ;
    %pushi/vec4 1, 0, 3;
    %assign/vec4 v0x561b27def880_0, 0;
    %jmp T_9.13;
T_9.2 ;
    %pushi/vec4 2, 0, 3;
    %assign/vec4 v0x561b27def880_0, 0;
    %jmp T_9.13;
T_9.3 ;
    %pushi/vec4 3, 0, 3;
    %assign/vec4 v0x561b27def880_0, 0;
    %jmp T_9.13;
T_9.4 ;
    %pushi/vec4 3, 0, 3;
    %assign/vec4 v0x561b27def880_0, 0;
    %jmp T_9.13;
T_9.5 ;
    %pushi/vec4 0, 0, 3;
    %assign/vec4 v0x561b27def880_0, 0;
    %jmp T_9.13;
T_9.6 ;
    %pushi/vec4 4, 0, 3;
    %assign/vec4 v0x561b27def880_0, 0;
    %jmp T_9.13;
T_9.7 ;
    %pushi/vec4 4, 0, 3;
    %assign/vec4 v0x561b27def880_0, 0;
    %jmp T_9.13;
T_9.8 ;
    %pushi/vec4 0, 0, 3;
    %assign/vec4 v0x561b27def880_0, 0;
    %jmp T_9.13;
T_9.9 ;
    %pushi/vec4 5, 0, 3;
    %assign/vec4 v0x561b27def880_0, 0;
    %jmp T_9.13;
T_9.10 ;
    %pushi/vec4 6, 0, 3;
    %assign/vec4 v0x561b27def880_0, 0;
    %jmp T_9.13;
T_9.11 ;
    %pushi/vec4 6, 0, 3;
    %assign/vec4 v0x561b27def880_0, 0;
    %jmp T_9.13;
T_9.12 ;
    %pushi/vec4 0, 0, 3;
    %assign/vec4 v0x561b27def880_0, 0;
    %jmp T_9.13;
T_9.13 ;
    %pop/vec4 1;
    %jmp T_9;
    .thread T_9, $push;
    .scope S_0x561b27dee720;
T_10 ;
    %wait E_0x561b27d708b0;
    %load/vec4 v0x561b27def600_0;
    %dup/vec4;
    %pushi/vec4 0, 0, 3;
    %cmp/u;
    %jmp/1 T_10.0, 6;
    %dup/vec4;
    %pushi/vec4 1, 0, 3;
    %cmp/u;
    %jmp/1 T_10.1, 6;
    %dup/vec4;
    %pushi/vec4 2, 0, 3;
    %cmp/u;
    %jmp/1 T_10.2, 6;
    %dup/vec4;
    %pushi/vec4 3, 0, 3;
    %cmp/u;
    %jmp/1 T_10.3, 6;
    %dup/vec4;
    %pushi/vec4 4, 0, 3;
    %cmp/u;
    %jmp/1 T_10.4, 6;
    %dup/vec4;
    %pushi/vec4 5, 0, 3;
    %cmp/u;
    %jmp/1 T_10.5, 6;
    %dup/vec4;
    %pushi/vec4 6, 0, 3;
    %cmp/u;
    %jmp/1 T_10.6, 6;
    %jmp T_10.7;
T_10.0 ;
    %pushi/vec4 0, 0, 5;
    %split/vec4 1;
    %assign/vec4 v0x561b27def090_0, 0;
    %split/vec4 1;
    %assign/vec4 v0x561b27def3c0_0, 0;
    %split/vec4 1;
    %assign/vec4 v0x561b27def2b0_0, 0;
    %split/vec4 1;
    %assign/vec4 v0x561b27def1f0_0, 0;
    %assign/vec4 v0x561b27deefb0_0, 0;
    %jmp T_10.7;
T_10.1 ;
    %pushi/vec4 17, 0, 5;
    %split/vec4 1;
    %assign/vec4 v0x561b27def090_0, 0;
    %split/vec4 1;
    %assign/vec4 v0x561b27def3c0_0, 0;
    %split/vec4 1;
    %assign/vec4 v0x561b27def2b0_0, 0;
    %split/vec4 1;
    %assign/vec4 v0x561b27def1f0_0, 0;
    %assign/vec4 v0x561b27deefb0_0, 0;
    %jmp T_10.7;
T_10.2 ;
    %pushi/vec4 5, 0, 5;
    %split/vec4 1;
    %assign/vec4 v0x561b27def090_0, 0;
    %split/vec4 1;
    %assign/vec4 v0x561b27def3c0_0, 0;
    %split/vec4 1;
    %assign/vec4 v0x561b27def2b0_0, 0;
    %split/vec4 1;
    %assign/vec4 v0x561b27def1f0_0, 0;
    %assign/vec4 v0x561b27deefb0_0, 0;
    %jmp T_10.7;
T_10.3 ;
    %pushi/vec4 3, 0, 5;
    %split/vec4 1;
    %assign/vec4 v0x561b27def090_0, 0;
    %split/vec4 1;
    %assign/vec4 v0x561b27def3c0_0, 0;
    %split/vec4 1;
    %assign/vec4 v0x561b27def2b0_0, 0;
    %split/vec4 1;
    %assign/vec4 v0x561b27def1f0_0, 0;
    %assign/vec4 v0x561b27deefb0_0, 0;
    %jmp T_10.7;
T_10.4 ;
    %pushi/vec4 25, 0, 5;
    %split/vec4 1;
    %assign/vec4 v0x561b27def090_0, 0;
    %split/vec4 1;
    %assign/vec4 v0x561b27def3c0_0, 0;
    %split/vec4 1;
    %assign/vec4 v0x561b27def2b0_0, 0;
    %split/vec4 1;
    %assign/vec4 v0x561b27def1f0_0, 0;
    %assign/vec4 v0x561b27deefb0_0, 0;
    %jmp T_10.7;
T_10.5 ;
    %pushi/vec4 5, 0, 5;
    %split/vec4 1;
    %assign/vec4 v0x561b27def090_0, 0;
    %split/vec4 1;
    %assign/vec4 v0x561b27def3c0_0, 0;
    %split/vec4 1;
    %assign/vec4 v0x561b27def2b0_0, 0;
    %split/vec4 1;
    %assign/vec4 v0x561b27def1f0_0, 0;
    %assign/vec4 v0x561b27deefb0_0, 0;
    %jmp T_10.7;
T_10.6 ;
    %pushi/vec4 3, 0, 5;
    %split/vec4 1;
    %assign/vec4 v0x561b27def090_0, 0;
    %split/vec4 1;
    %assign/vec4 v0x561b27def3c0_0, 0;
    %split/vec4 1;
    %assign/vec4 v0x561b27def2b0_0, 0;
    %split/vec4 1;
    %assign/vec4 v0x561b27def1f0_0, 0;
    %assign/vec4 v0x561b27deefb0_0, 0;
    %jmp T_10.7;
T_10.7 ;
    %pop/vec4 1;
    %jmp T_10;
    .thread T_10, $push;
    .scope S_0x561b27d38f50;
T_11 ;
    %vpi_call 2 31 "$dumpfile", "dump.vcd" {0 0 0};
    %vpi_call 2 32 "$dumpvars", 32'sb00000000000000000000000000000000, S_0x561b27dbb250 {0 0 0};
    %vpi_call 2 33 "$dumpvars", 32'sb00000000000000000000000000000001, &A<v0x561b27df3000, 4> {0 0 0};
    %end;
    .thread T_11;
    .scope S_0x561b27d38f50;
T_12 ;
    %delay 0, 0;
    %pushi/vec4 0, 0, 1;
    %store/vec4 v0x561b27df65e0_0, 0, 1;
T_12.0 ;
    %delay 5, 0;
    %load/vec4 v0x561b27df65e0_0;
    %inv;
    %store/vec4 v0x561b27df65e0_0, 0, 1;
    %jmp T_12.0;
    %end;
    .thread T_12;
    .scope S_0x561b27d38f50;
T_13 ;
    %delay 0, 0;
    %pushi/vec4 1, 0, 1;
    %store/vec4 v0x561b27df6ba0_0, 0, 1;
    %pushi/vec4 0, 0, 1;
    %store/vec4 v0x561b27df6b00_0, 0, 1;
    %pushi/vec4 0, 0, 1;
    %store/vec4 v0x561b27df6cd0_0, 0, 1;
    %delay 13, 0;
    %pushi/vec4 0, 0, 1;
    %store/vec4 v0x561b27df6ba0_0, 0, 1;
    %pushi/vec4 1, 0, 1;
    %store/vec4 v0x561b27df6cd0_0, 0, 1;
    %pushi/vec4 1, 0, 1;
    %store/vec4 v0x561b27df6b00_0, 0, 1;
    %pushi/vec4 4, 0, 8;
    %store/vec4 v0x561b27df6080_0, 0, 8;
    %pushi/vec4 4, 0, 32;
    %store/vec4 v0x561b27df6810_0, 0, 32;
    %pushi/vec4 1, 0, 1;
    %store/vec4 v0x561b27df6770_0, 0, 1;
    %pushi/vec4 1, 0, 1;
    %store/vec4 v0x561b27df63b0_0, 0, 1;
    %pushi/vec4 7, 0, 8;
    %store/vec4 v0x561b27df6900_0, 0, 8;
    %pushi/vec4 8, 0, 8;
    %store/vec4 v0x561b27df69f0_0, 0, 8;
    %pushi/vec4 0, 0, 4;
    %store/vec4 v0x561b27df6450_0, 0, 4;
    %delay 10, 0;
    %pushi/vec4 0, 0, 1;
    %store/vec4 v0x561b27df6b00_0, 0, 1;
    %delay 10, 0;
    %pushi/vec4 1, 0, 1;
    %store/vec4 v0x561b27df6b00_0, 0, 1;
    %delay 10, 0;
    %pushi/vec4 0, 0, 1;
    %store/vec4 v0x561b27df6b00_0, 0, 1;
    %delay 10, 0;
    %pushi/vec4 1, 0, 1;
    %store/vec4 v0x561b27df6b00_0, 0, 1;
    %delay 20, 0;
    %pushi/vec4 0, 0, 1;
    %store/vec4 v0x561b27df63b0_0, 0, 1;
    %delay 400, 0;
    %vpi_call 2 55 "$finish" {0 0 0};
    %end;
    .thread T_13;
# The file index is used to find the file name in the following table.
:file_names 11;
    "N/A";
    "<interactive>";
    "testbench.sv";
    "top.sv";
    "./MUX.sv";
    "./ALU.sv";
    "./Controller.sv";
    "./Concatenator.sv";
    "./Frequency_Divider.sv";
    "./Memory.sv";
    "./Serial_Transceiver.sv";
