#! /usr/local/bin/vvp
:ivl_version "11.0 (stable)" "(v11_0-132-gb2f2414f4)";
:ivl_delay_selection "TYPICAL";
:vpi_time_precision + 0;
:vpi_module "/usr/local/lib/ivl/system.vpi";
:vpi_module "/usr/local/lib/ivl/vhdl_sys.vpi";
:vpi_module "/usr/local/lib/ivl/vhdl_textio.vpi";
:vpi_module "/usr/local/lib/ivl/v2005_math.vpi";
:vpi_module "/usr/local/lib/ivl/va_math.vpi";
S_0x555627ecaf50 .scope module, "DUT" "DUT" 2 1;
 .timescale 0 0;
v0x555627f37c80_0 .var "a", 7 0;
v0x555627f37d90_0 .var "b", 7 0;
v0x555627f37e60_0 .net "dout", 7 0, v0x555627f116b0_0;  1 drivers
v0x555627f37f60_0 .net "flags", 3 0, v0x555627f37380_0;  1 drivers
v0x555627f38030_0 .var "sel", 3 0;
S_0x555627f114a0 .scope module, "alu_dut" "ALU" 2 9, 3 1 0, S_0x555627ecaf50;
 .timescale 0 0;
    .port_info 0 /INPUT 8 "inA";
    .port_info 1 /INPUT 8 "inB";
    .port_info 2 /INPUT 4 "sel_tmp";
    .port_info 3 /OUTPUT 8 "dout";
    .port_info 4 /OUTPUT 4 "flags";
v0x555627f116b0_0 .var "dout", 7 0;
v0x555627f37380_0 .var "flags", 3 0;
v0x555627f37460_0 .net "inA", 7 0, v0x555627f37c80_0;  1 drivers
v0x555627f37550_0 .net "inB", 7 0, v0x555627f37d90_0;  1 drivers
v0x555627f37630_0 .net "sel_tmp", 3 0, v0x555627f38030_0;  1 drivers
E_0x555627f03100 .event edge, v0x555627f37630_0, v0x555627f37460_0, v0x555627f37550_0, v0x555627f116b0_0;
S_0x555627f37800 .scope task, "write" "write" 2 12, 2 12 0, S_0x555627ecaf50;
 .timescale 0 0;
v0x555627f37a00_0 .var "at", 7 0;
v0x555627f37ae0_0 .var "bt", 7 0;
v0x555627f37bc0_0 .var "selt", 3 0;
TD_DUT.write ;
    %load/vec4 v0x555627f37a00_0;
    %store/vec4 v0x555627f37c80_0, 0, 8;
    %load/vec4 v0x555627f37ae0_0;
    %store/vec4 v0x555627f37d90_0, 0, 8;
    %load/vec4 v0x555627f37bc0_0;
    %store/vec4 v0x555627f38030_0, 0, 4;
    %end;
    .scope S_0x555627f114a0;
T_1 ;
    %wait E_0x555627f03100;
    %pushi/vec4 0, 0, 4;
    %store/vec4 v0x555627f37380_0, 0, 4;
    %load/vec4 v0x555627f37630_0;
    %dup/vec4;
    %pushi/vec4 0, 0, 4;
    %cmp/u;
    %jmp/1 T_1.0, 6;
    %dup/vec4;
    %pushi/vec4 1, 0, 4;
    %cmp/u;
    %jmp/1 T_1.1, 6;
    %dup/vec4;
    %pushi/vec4 2, 0, 4;
    %cmp/u;
    %jmp/1 T_1.2, 6;
    %dup/vec4;
    %pushi/vec4 3, 0, 4;
    %cmp/u;
    %jmp/1 T_1.3, 6;
    %dup/vec4;
    %pushi/vec4 4, 0, 4;
    %cmp/u;
    %jmp/1 T_1.4, 6;
    %dup/vec4;
    %pushi/vec4 5, 0, 4;
    %cmp/u;
    %jmp/1 T_1.5, 6;
    %dup/vec4;
    %pushi/vec4 6, 0, 4;
    %cmp/u;
    %jmp/1 T_1.6, 6;
    %dup/vec4;
    %pushi/vec4 7, 0, 4;
    %cmp/u;
    %jmp/1 T_1.7, 6;
    %dup/vec4;
    %pushi/vec4 8, 0, 4;
    %cmp/u;
    %jmp/1 T_1.8, 6;
    %dup/vec4;
    %pushi/vec4 9, 0, 4;
    %cmp/u;
    %jmp/1 T_1.9, 6;
    %dup/vec4;
    %pushi/vec4 10, 0, 4;
    %cmp/u;
    %jmp/1 T_1.10, 6;
    %dup/vec4;
    %pushi/vec4 11, 0, 4;
    %cmp/u;
    %jmp/1 T_1.11, 6;
    %dup/vec4;
    %pushi/vec4 12, 0, 4;
    %cmp/u;
    %jmp/1 T_1.12, 6;
    %dup/vec4;
    %pushi/vec4 13, 0, 4;
    %cmp/u;
    %jmp/1 T_1.13, 6;
    %dup/vec4;
    %pushi/vec4 14, 0, 4;
    %cmp/u;
    %jmp/1 T_1.14, 6;
    %dup/vec4;
    %pushi/vec4 15, 0, 4;
    %cmp/u;
    %jmp/1 T_1.15, 6;
    %jmp T_1.16;
T_1.0 ;
    %load/vec4 v0x555627f37460_0;
    %pad/u 32;
    %load/vec4 v0x555627f37550_0;
    %pad/u 32;
    %add;
    %cmpi/u 256, 0, 32;
    %flag_inv 5; GE is !LT
    %jmp/0xz  T_1.17, 5;
    %pushi/vec4 1, 0, 1;
    %ix/load 4, 2, 0;
    %flag_set/imm 4, 0;
    %store/vec4 v0x555627f37380_0, 4, 1;
T_1.17 ;
    %load/vec4 v0x555627f37460_0;
    %pad/u 32;
    %load/vec4 v0x555627f37550_0;
    %pad/u 32;
    %add;
    %cmpi/e 0, 0, 32;
    %jmp/0xz  T_1.19, 4;
    %pushi/vec4 1, 0, 1;
    %ix/load 4, 0, 0;
    %flag_set/imm 4, 0;
    %store/vec4 v0x555627f37380_0, 4, 1;
T_1.19 ;
    %load/vec4 v0x555627f37460_0;
    %load/vec4 v0x555627f37550_0;
    %add;
    %store/vec4 v0x555627f116b0_0, 0, 8;
    %jmp T_1.16;
T_1.1 ;
    %load/vec4 v0x555627f37460_0;
    %load/vec4 v0x555627f37550_0;
    %cmp/u;
    %jmp/0xz  T_1.21, 5;
    %pushi/vec4 1, 0, 1;
    %ix/load 4, 3, 0;
    %flag_set/imm 4, 0;
    %store/vec4 v0x555627f37380_0, 4, 1;
T_1.21 ;
    %load/vec4 v0x555627f37460_0;
    %pad/u 32;
    %load/vec4 v0x555627f37550_0;
    %pad/u 32;
    %sub;
    %cmpi/e 0, 0, 32;
    %jmp/0xz  T_1.23, 4;
    %pushi/vec4 1, 0, 1;
    %ix/load 4, 0, 0;
    %flag_set/imm 4, 0;
    %store/vec4 v0x555627f37380_0, 4, 1;
T_1.23 ;
    %load/vec4 v0x555627f37460_0;
    %load/vec4 v0x555627f37550_0;
    %sub;
    %store/vec4 v0x555627f116b0_0, 0, 8;
    %jmp T_1.16;
T_1.2 ;
    %load/vec4 v0x555627f37460_0;
    %pad/u 32;
    %load/vec4 v0x555627f37550_0;
    %pad/u 32;
    %mul;
    %cmpi/u 256, 0, 32;
    %flag_inv 5; GE is !LT
    %jmp/0xz  T_1.25, 5;
    %pushi/vec4 1, 0, 1;
    %ix/load 4, 2, 0;
    %flag_set/imm 4, 0;
    %store/vec4 v0x555627f37380_0, 4, 1;
T_1.25 ;
    %load/vec4 v0x555627f37460_0;
    %pad/u 32;
    %load/vec4 v0x555627f37550_0;
    %pad/u 32;
    %mul;
    %cmpi/e 0, 0, 32;
    %jmp/0xz  T_1.27, 4;
    %pushi/vec4 1, 0, 1;
    %ix/load 4, 0, 0;
    %flag_set/imm 4, 0;
    %store/vec4 v0x555627f37380_0, 4, 1;
T_1.27 ;
    %load/vec4 v0x555627f37460_0;
    %load/vec4 v0x555627f37550_0;
    %mul;
    %store/vec4 v0x555627f116b0_0, 0, 8;
    %jmp T_1.16;
T_1.3 ;
    %load/vec4 v0x555627f37550_0;
    %pad/u 32;
    %cmpi/e 0, 0, 32;
    %jmp/0xz  T_1.29, 4;
    %pushi/vec4 1, 0, 1;
    %ix/load 4, 2, 0;
    %flag_set/imm 4, 0;
    %store/vec4 v0x555627f37380_0, 4, 1;
T_1.29 ;
    %load/vec4 v0x555627f37460_0;
    %load/vec4 v0x555627f37550_0;
    %cmp/u;
    %jmp/0xz  T_1.31, 5;
    %pushi/vec4 1, 0, 1;
    %ix/load 4, 3, 0;
    %flag_set/imm 4, 0;
    %store/vec4 v0x555627f37380_0, 4, 1;
T_1.31 ;
    %load/vec4 v0x555627f37460_0;
    %load/vec4 v0x555627f37550_0;
    %div;
    %store/vec4 v0x555627f116b0_0, 0, 8;
    %jmp T_1.16;
T_1.4 ;
    %load/vec4 v0x555627f37550_0;
    %pad/u 32;
    %cmpi/u 8, 0, 32;
    %flag_inv 5; GE is !LT
    %jmp/0xz  T_1.33, 5;
    %pushi/vec4 1, 0, 1;
    %ix/load 4, 0, 0;
    %flag_set/imm 4, 0;
    %store/vec4 v0x555627f37380_0, 4, 1;
    %pushi/vec4 0, 0, 8;
    %store/vec4 v0x555627f116b0_0, 0, 8;
    %jmp T_1.34;
T_1.33 ;
    %load/vec4 v0x555627f37460_0;
    %ix/getv 4, v0x555627f37550_0;
    %shiftl 4;
    %store/vec4 v0x555627f116b0_0, 0, 8;
    %load/vec4 v0x555627f37460_0;
    %pushi/vec4 7, 0, 32;
    %load/vec4 v0x555627f37550_0;
    %pad/u 32;
    %sub;
    %addi 1, 0, 32;
    %part/u 1;
    %ix/load 4, 1, 0;
    %flag_set/imm 4, 0;
    %store/vec4 v0x555627f37380_0, 4, 1;
    %load/vec4 v0x555627f116b0_0;
    %cmpi/e 0, 0, 8;
    %jmp/0xz  T_1.35, 4;
    %pushi/vec4 1, 0, 1;
    %ix/load 4, 0, 0;
    %flag_set/imm 4, 0;
    %store/vec4 v0x555627f37380_0, 4, 1;
T_1.35 ;
T_1.34 ;
    %jmp T_1.16;
T_1.5 ;
    %load/vec4 v0x555627f37550_0;
    %pad/u 32;
    %cmpi/u 8, 0, 32;
    %flag_inv 5; GE is !LT
    %jmp/0xz  T_1.37, 5;
    %pushi/vec4 1, 0, 1;
    %ix/load 4, 0, 0;
    %flag_set/imm 4, 0;
    %store/vec4 v0x555627f37380_0, 4, 1;
    %pushi/vec4 0, 0, 8;
    %store/vec4 v0x555627f116b0_0, 0, 8;
    %jmp T_1.38;
T_1.37 ;
    %load/vec4 v0x555627f37460_0;
    %ix/getv 4, v0x555627f37550_0;
    %shiftr 4;
    %store/vec4 v0x555627f116b0_0, 0, 8;
    %load/vec4 v0x555627f37460_0;
    %load/vec4 v0x555627f37550_0;
    %pad/u 32;
    %subi 1, 0, 32;
    %part/u 1;
    %ix/load 4, 1, 0;
    %flag_set/imm 4, 0;
    %store/vec4 v0x555627f37380_0, 4, 1;
    %load/vec4 v0x555627f116b0_0;
    %cmpi/e 0, 0, 8;
    %jmp/0xz  T_1.39, 4;
    %pushi/vec4 1, 0, 1;
    %ix/load 4, 0, 0;
    %flag_set/imm 4, 0;
    %store/vec4 v0x555627f37380_0, 4, 1;
T_1.39 ;
T_1.38 ;
    %jmp T_1.16;
T_1.6 ;
    %load/vec4 v0x555627f37460_0;
    %load/vec4 v0x555627f37550_0;
    %and;
    %store/vec4 v0x555627f116b0_0, 0, 8;
    %load/vec4 v0x555627f116b0_0;
    %cmpi/e 0, 0, 8;
    %jmp/0xz  T_1.41, 4;
    %pushi/vec4 1, 0, 1;
    %ix/load 4, 0, 0;
    %flag_set/imm 4, 0;
    %store/vec4 v0x555627f37380_0, 4, 1;
T_1.41 ;
    %jmp T_1.16;
T_1.7 ;
    %load/vec4 v0x555627f37460_0;
    %load/vec4 v0x555627f37550_0;
    %or;
    %store/vec4 v0x555627f116b0_0, 0, 8;
    %load/vec4 v0x555627f116b0_0;
    %cmpi/e 0, 0, 8;
    %jmp/0xz  T_1.43, 4;
    %pushi/vec4 1, 0, 1;
    %ix/load 4, 0, 0;
    %flag_set/imm 4, 0;
    %store/vec4 v0x555627f37380_0, 4, 1;
T_1.43 ;
    %jmp T_1.16;
T_1.8 ;
    %load/vec4 v0x555627f37460_0;
    %load/vec4 v0x555627f37550_0;
    %xor;
    %store/vec4 v0x555627f116b0_0, 0, 8;
    %load/vec4 v0x555627f116b0_0;
    %cmpi/e 0, 0, 8;
    %jmp/0xz  T_1.45, 4;
    %pushi/vec4 1, 0, 1;
    %ix/load 4, 0, 0;
    %flag_set/imm 4, 0;
    %store/vec4 v0x555627f37380_0, 4, 1;
T_1.45 ;
    %jmp T_1.16;
T_1.9 ;
    %load/vec4 v0x555627f37460_0;
    %load/vec4 v0x555627f37550_0;
    %xnor;
    %store/vec4 v0x555627f116b0_0, 0, 8;
    %load/vec4 v0x555627f116b0_0;
    %cmpi/e 0, 0, 8;
    %jmp/0xz  T_1.47, 4;
    %pushi/vec4 1, 0, 1;
    %ix/load 4, 0, 0;
    %flag_set/imm 4, 0;
    %store/vec4 v0x555627f37380_0, 4, 1;
T_1.47 ;
    %jmp T_1.16;
T_1.10 ;
    %load/vec4 v0x555627f37460_0;
    %load/vec4 v0x555627f37550_0;
    %nand;
    %store/vec4 v0x555627f116b0_0, 0, 8;
    %load/vec4 v0x555627f116b0_0;
    %cmpi/e 0, 0, 8;
    %jmp/0xz  T_1.49, 4;
    %pushi/vec4 1, 0, 1;
    %ix/load 4, 0, 0;
    %flag_set/imm 4, 0;
    %store/vec4 v0x555627f37380_0, 4, 1;
T_1.49 ;
    %jmp T_1.16;
T_1.11 ;
    %load/vec4 v0x555627f37460_0;
    %load/vec4 v0x555627f37550_0;
    %nor;
    %store/vec4 v0x555627f116b0_0, 0, 8;
    %load/vec4 v0x555627f116b0_0;
    %cmpi/e 0, 0, 8;
    %jmp/0xz  T_1.51, 4;
    %pushi/vec4 1, 0, 1;
    %ix/load 4, 0, 0;
    %flag_set/imm 4, 0;
    %store/vec4 v0x555627f37380_0, 4, 1;
T_1.51 ;
    %jmp T_1.16;
T_1.12 ;
    %pushi/vec4 0, 0, 8;
    %store/vec4 v0x555627f116b0_0, 0, 8;
    %pushi/vec4 0, 0, 4;
    %store/vec4 v0x555627f37380_0, 0, 4;
    %jmp T_1.16;
T_1.13 ;
    %pushi/vec4 0, 0, 8;
    %store/vec4 v0x555627f116b0_0, 0, 8;
    %pushi/vec4 0, 0, 4;
    %store/vec4 v0x555627f37380_0, 0, 4;
    %jmp T_1.16;
T_1.14 ;
    %pushi/vec4 0, 0, 8;
    %store/vec4 v0x555627f116b0_0, 0, 8;
    %pushi/vec4 0, 0, 4;
    %store/vec4 v0x555627f37380_0, 0, 4;
    %jmp T_1.16;
T_1.15 ;
    %pushi/vec4 0, 0, 8;
    %store/vec4 v0x555627f116b0_0, 0, 8;
    %pushi/vec4 0, 0, 4;
    %store/vec4 v0x555627f37380_0, 0, 4;
    %jmp T_1.16;
T_1.16 ;
    %pop/vec4 1;
    %jmp T_1;
    .thread T_1, $push;
    .scope S_0x555627ecaf50;
T_2 ;
    %vpi_call 2 23 "$dumpfile", "dump.vcd" {0 0 0};
    %vpi_call 2 24 "$dumpvars", 32'sb00000000000000000000000000000001 {0 0 0};
    %end;
    .thread T_2;
    .scope S_0x555627ecaf50;
T_3 ;
    %delay 5, 0;
    %pushi/vec4 250, 0, 8;
    %store/vec4 v0x555627f37a00_0, 0, 8;
    %pushi/vec4 8, 0, 8;
    %store/vec4 v0x555627f37ae0_0, 0, 8;
    %pushi/vec4 0, 0, 4;
    %store/vec4 v0x555627f37bc0_0, 0, 4;
    %fork TD_DUT.write, S_0x555627f37800;
    %join;
    %delay 5, 0;
    %pushi/vec4 0, 0, 8;
    %store/vec4 v0x555627f37a00_0, 0, 8;
    %pushi/vec4 0, 0, 8;
    %store/vec4 v0x555627f37ae0_0, 0, 8;
    %pushi/vec4 0, 0, 4;
    %store/vec4 v0x555627f37bc0_0, 0, 4;
    %fork TD_DUT.write, S_0x555627f37800;
    %join;
    %delay 5, 0;
    %pushi/vec4 5, 0, 8;
    %store/vec4 v0x555627f37a00_0, 0, 8;
    %pushi/vec4 7, 0, 8;
    %store/vec4 v0x555627f37ae0_0, 0, 8;
    %pushi/vec4 0, 0, 4;
    %store/vec4 v0x555627f37bc0_0, 0, 4;
    %fork TD_DUT.write, S_0x555627f37800;
    %join;
    %delay 5, 0;
    %pushi/vec4 5, 0, 8;
    %store/vec4 v0x555627f37a00_0, 0, 8;
    %pushi/vec4 8, 0, 8;
    %store/vec4 v0x555627f37ae0_0, 0, 8;
    %pushi/vec4 1, 0, 4;
    %store/vec4 v0x555627f37bc0_0, 0, 4;
    %fork TD_DUT.write, S_0x555627f37800;
    %join;
    %delay 5, 0;
    %pushi/vec4 8, 0, 8;
    %store/vec4 v0x555627f37a00_0, 0, 8;
    %pushi/vec4 8, 0, 8;
    %store/vec4 v0x555627f37ae0_0, 0, 8;
    %pushi/vec4 1, 0, 4;
    %store/vec4 v0x555627f37bc0_0, 0, 4;
    %fork TD_DUT.write, S_0x555627f37800;
    %join;
    %delay 5, 0;
    %pushi/vec4 9, 0, 8;
    %store/vec4 v0x555627f37a00_0, 0, 8;
    %pushi/vec4 5, 0, 8;
    %store/vec4 v0x555627f37ae0_0, 0, 8;
    %pushi/vec4 1, 0, 4;
    %store/vec4 v0x555627f37bc0_0, 0, 4;
    %fork TD_DUT.write, S_0x555627f37800;
    %join;
    %delay 5, 0;
    %pushi/vec4 16, 0, 8;
    %store/vec4 v0x555627f37a00_0, 0, 8;
    %pushi/vec4 16, 0, 8;
    %store/vec4 v0x555627f37ae0_0, 0, 8;
    %pushi/vec4 2, 0, 4;
    %store/vec4 v0x555627f37bc0_0, 0, 4;
    %fork TD_DUT.write, S_0x555627f37800;
    %join;
    %delay 5, 0;
    %pushi/vec4 0, 0, 8;
    %store/vec4 v0x555627f37a00_0, 0, 8;
    %pushi/vec4 0, 0, 8;
    %store/vec4 v0x555627f37ae0_0, 0, 8;
    %pushi/vec4 2, 0, 4;
    %store/vec4 v0x555627f37bc0_0, 0, 4;
    %fork TD_DUT.write, S_0x555627f37800;
    %join;
    %delay 5, 0;
    %pushi/vec4 6, 0, 8;
    %store/vec4 v0x555627f37a00_0, 0, 8;
    %pushi/vec4 4, 0, 8;
    %store/vec4 v0x555627f37ae0_0, 0, 8;
    %pushi/vec4 2, 0, 4;
    %store/vec4 v0x555627f37bc0_0, 0, 4;
    %fork TD_DUT.write, S_0x555627f37800;
    %join;
    %delay 5, 0;
    %pushi/vec4 3, 0, 8;
    %store/vec4 v0x555627f37a00_0, 0, 8;
    %pushi/vec4 8, 0, 8;
    %store/vec4 v0x555627f37ae0_0, 0, 8;
    %pushi/vec4 3, 0, 4;
    %store/vec4 v0x555627f37bc0_0, 0, 4;
    %fork TD_DUT.write, S_0x555627f37800;
    %join;
    %delay 5, 0;
    %pushi/vec4 250, 0, 8;
    %store/vec4 v0x555627f37a00_0, 0, 8;
    %pushi/vec4 0, 0, 8;
    %store/vec4 v0x555627f37ae0_0, 0, 8;
    %pushi/vec4 3, 0, 4;
    %store/vec4 v0x555627f37bc0_0, 0, 4;
    %fork TD_DUT.write, S_0x555627f37800;
    %join;
    %delay 5, 0;
    %pushi/vec4 9, 0, 8;
    %store/vec4 v0x555627f37a00_0, 0, 8;
    %pushi/vec4 3, 0, 8;
    %store/vec4 v0x555627f37ae0_0, 0, 8;
    %pushi/vec4 3, 0, 4;
    %store/vec4 v0x555627f37bc0_0, 0, 4;
    %fork TD_DUT.write, S_0x555627f37800;
    %join;
    %delay 5, 0;
    %pushi/vec4 194, 0, 8;
    %store/vec4 v0x555627f37a00_0, 0, 8;
    %pushi/vec4 2, 0, 8;
    %store/vec4 v0x555627f37ae0_0, 0, 8;
    %pushi/vec4 4, 0, 4;
    %store/vec4 v0x555627f37bc0_0, 0, 4;
    %fork TD_DUT.write, S_0x555627f37800;
    %join;
    %delay 5, 0;
    %pushi/vec4 255, 0, 8;
    %store/vec4 v0x555627f37a00_0, 0, 8;
    %pushi/vec4 8, 0, 8;
    %store/vec4 v0x555627f37ae0_0, 0, 8;
    %pushi/vec4 4, 0, 4;
    %store/vec4 v0x555627f37bc0_0, 0, 4;
    %fork TD_DUT.write, S_0x555627f37800;
    %join;
    %delay 5, 0;
    %pushi/vec4 34, 0, 8;
    %store/vec4 v0x555627f37a00_0, 0, 8;
    %pushi/vec4 2, 0, 8;
    %store/vec4 v0x555627f37ae0_0, 0, 8;
    %pushi/vec4 5, 0, 4;
    %store/vec4 v0x555627f37bc0_0, 0, 4;
    %fork TD_DUT.write, S_0x555627f37800;
    %join;
    %delay 5, 0;
    %pushi/vec4 255, 0, 8;
    %store/vec4 v0x555627f37a00_0, 0, 8;
    %pushi/vec4 8, 0, 8;
    %store/vec4 v0x555627f37ae0_0, 0, 8;
    %pushi/vec4 5, 0, 4;
    %store/vec4 v0x555627f37bc0_0, 0, 4;
    %fork TD_DUT.write, S_0x555627f37800;
    %join;
    %delay 5, 0;
    %pushi/vec4 169, 0, 8;
    %store/vec4 v0x555627f37a00_0, 0, 8;
    %pushi/vec4 8, 0, 8;
    %store/vec4 v0x555627f37ae0_0, 0, 8;
    %pushi/vec4 6, 0, 4;
    %store/vec4 v0x555627f37bc0_0, 0, 4;
    %fork TD_DUT.write, S_0x555627f37800;
    %join;
    %delay 5, 0;
    %pushi/vec4 1, 0, 8;
    %store/vec4 v0x555627f37a00_0, 0, 8;
    %pushi/vec4 8, 0, 8;
    %store/vec4 v0x555627f37ae0_0, 0, 8;
    %pushi/vec4 7, 0, 4;
    %store/vec4 v0x555627f37bc0_0, 0, 4;
    %fork TD_DUT.write, S_0x555627f37800;
    %join;
    %delay 5, 0;
    %pushi/vec4 9, 0, 8;
    %store/vec4 v0x555627f37a00_0, 0, 8;
    %pushi/vec4 8, 0, 8;
    %store/vec4 v0x555627f37ae0_0, 0, 8;
    %pushi/vec4 8, 0, 4;
    %store/vec4 v0x555627f37bc0_0, 0, 4;
    %fork TD_DUT.write, S_0x555627f37800;
    %join;
    %delay 5, 0;
    %pushi/vec4 169, 0, 8;
    %store/vec4 v0x555627f37a00_0, 0, 8;
    %pushi/vec4 87, 0, 8;
    %store/vec4 v0x555627f37ae0_0, 0, 8;
    %pushi/vec4 9, 0, 4;
    %store/vec4 v0x555627f37bc0_0, 0, 4;
    %fork TD_DUT.write, S_0x555627f37800;
    %join;
    %delay 5, 0;
    %pushi/vec4 247, 0, 8;
    %store/vec4 v0x555627f37a00_0, 0, 8;
    %pushi/vec4 255, 0, 8;
    %store/vec4 v0x555627f37ae0_0, 0, 8;
    %pushi/vec4 10, 0, 4;
    %store/vec4 v0x555627f37bc0_0, 0, 4;
    %fork TD_DUT.write, S_0x555627f37800;
    %join;
    %delay 5, 0;
    %pushi/vec4 169, 0, 8;
    %store/vec4 v0x555627f37a00_0, 0, 8;
    %pushi/vec4 8, 0, 8;
    %store/vec4 v0x555627f37ae0_0, 0, 8;
    %pushi/vec4 11, 0, 4;
    %store/vec4 v0x555627f37bc0_0, 0, 4;
    %fork TD_DUT.write, S_0x555627f37800;
    %join;
    %delay 5, 0;
    %pushi/vec4 169, 0, 8;
    %store/vec4 v0x555627f37a00_0, 0, 8;
    %pushi/vec4 8, 0, 8;
    %store/vec4 v0x555627f37ae0_0, 0, 8;
    %pushi/vec4 12, 0, 4;
    %store/vec4 v0x555627f37bc0_0, 0, 4;
    %fork TD_DUT.write, S_0x555627f37800;
    %join;
    %delay 200, 0;
    %vpi_call 2 66 "$finish" {0 0 0};
    %end;
    .thread T_3;
# The file index is used to find the file name in the following table.
:file_names 4;
    "N/A";
    "<interactive>";
    "testbench.sv";
    "ALU.sv";
