#! /usr/local/bin/vvp
:ivl_version "11.0 (stable)" "(v11_0-132-gb2f2414f4)";
:ivl_delay_selection "TYPICAL";
:vpi_time_precision + 0;
:vpi_module "/usr/local/lib/ivl/system.vpi";
:vpi_module "/usr/local/lib/ivl/vhdl_sys.vpi";
:vpi_module "/usr/local/lib/ivl/vhdl_textio.vpi";
:vpi_module "/usr/local/lib/ivl/v2005_math.vpi";
:vpi_module "/usr/local/lib/ivl/va_math.vpi";
S_0x5631bd139f50 .scope module, "DUT" "DUT" 2 1;
 .timescale 0 0;
v0x5631bd18b4c0_0 .var "clk", 0 0;
v0x5631bd18b580_0 .net "clkOut", 0 0, v0x5631bd18ae30_0;  1 drivers
v0x5631bd18b650_0 .var "configDiv", 0 0;
v0x5631bd18b750_0 .var "din", 31 0;
v0x5631bd18b820_0 .var "enable", 0 0;
v0x5631bd18b910_0 .var "reset", 0 0;
S_0x5631bd138d40 .scope module, "fd_dut" "Frequency_Divider" 2 8, 3 1 0, S_0x5631bd139f50;
 .timescale 0 0;
    .port_info 0 /INPUT 32 "din";
    .port_info 1 /INPUT 1 "configDiv";
    .port_info 2 /INPUT 1 "reset";
    .port_info 3 /INPUT 1 "clk";
    .port_info 4 /INPUT 1 "enable";
    .port_info 5 /OUTPUT 1 "clkOut";
v0x5631bd138fe0_0 .net "clk", 0 0, v0x5631bd18b4c0_0;  1 drivers
v0x5631bd18ae30_0 .var "clkOut", 0 0;
v0x5631bd18aef0_0 .net "configDiv", 0 0, v0x5631bd18b650_0;  1 drivers
v0x5631bd18af90_0 .var "counter", 31 0;
v0x5631bd18b070_0 .net "din", 31 0, v0x5631bd18b750_0;  1 drivers
v0x5631bd18b1a0_0 .net "enable", 0 0, v0x5631bd18b820_0;  1 drivers
v0x5631bd18b260_0 .var "mem", 31 0;
v0x5631bd18b340_0 .net "reset", 0 0, v0x5631bd18b910_0;  1 drivers
E_0x5631bd175be0 .event posedge, v0x5631bd18b340_0, v0x5631bd138fe0_0;
    .scope S_0x5631bd138d40;
T_0 ;
    %pushi/vec4 0, 0, 32;
    %store/vec4 v0x5631bd18af90_0, 0, 32;
    %end;
    .thread T_0;
    .scope S_0x5631bd138d40;
T_1 ;
    %wait E_0x5631bd175be0;
    %load/vec4 v0x5631bd18b340_0;
    %flag_set/vec4 8;
    %jmp/0xz  T_1.0, 8;
    %pushi/vec4 1, 0, 32;
    %assign/vec4 v0x5631bd18b260_0, 0;
    %pushi/vec4 0, 0, 1;
    %assign/vec4 v0x5631bd18ae30_0, 0;
    %jmp T_1.1;
T_1.0 ;
    %load/vec4 v0x5631bd18b1a0_0;
    %inv;
    %flag_set/vec4 8;
    %jmp/0xz  T_1.2, 8;
    %pushi/vec4 0, 0, 1;
    %assign/vec4 v0x5631bd18ae30_0, 0;
    %load/vec4 v0x5631bd18aef0_0;
    %flag_set/vec4 8;
    %jmp/0xz  T_1.4, 8;
    %load/vec4 v0x5631bd18b070_0;
    %assign/vec4 v0x5631bd18b260_0, 0;
T_1.4 ;
    %jmp T_1.3;
T_1.2 ;
    %load/vec4 v0x5631bd18af90_0;
    %addi 1, 0, 32;
    %assign/vec4 v0x5631bd18af90_0, 0;
    %load/vec4 v0x5631bd18b260_0;
    %subi 1, 0, 32;
    %load/vec4 v0x5631bd18af90_0;
    %cmp/u;
    %flag_or 5, 4;
    %jmp/0xz  T_1.6, 5;
    %pushi/vec4 0, 0, 32;
    %assign/vec4 v0x5631bd18af90_0, 0;
T_1.6 ;
    %load/vec4 v0x5631bd18af90_0;
    %load/vec4 v0x5631bd18b260_0;
    %pushi/vec4 2, 0, 32;
    %div;
    %cmp/u;
    %flag_mov 8, 5;
    %jmp/0 T_1.8, 8;
    %pushi/vec4 1, 0, 1;
    %jmp/1 T_1.9, 8;
T_1.8 ; End of true expr.
    %pushi/vec4 0, 0, 1;
    %jmp/0 T_1.9, 8;
 ; End of false expr.
    %blend;
T_1.9;
    %assign/vec4 v0x5631bd18ae30_0, 0;
T_1.3 ;
T_1.1 ;
    %jmp T_1;
    .thread T_1;
    .scope S_0x5631bd139f50;
T_2 ;
    %vpi_call 2 11 "$dumpfile", "dump.vcd" {0 0 0};
    %vpi_call 2 12 "$dumpvars", 32'sb00000000000000000000000000000000, S_0x5631bd138d40 {0 0 0};
    %vpi_call 2 13 "$dumpvars", 32'sb00000000000000000000000000000001, v0x5631bd18b260_0 {0 0 0};
    %end;
    .thread T_2;
    .scope S_0x5631bd139f50;
T_3 ;
    %delay 0, 0;
    %pushi/vec4 0, 0, 1;
    %store/vec4 v0x5631bd18b4c0_0, 0, 1;
T_3.0 ;
    %delay 6, 0;
    %load/vec4 v0x5631bd18b4c0_0;
    %inv;
    %store/vec4 v0x5631bd18b4c0_0, 0, 1;
    %jmp T_3.0;
    %end;
    .thread T_3;
    .scope S_0x5631bd139f50;
T_4 ;
    %delay 0, 0;
    %pushi/vec4 6, 0, 32;
    %store/vec4 v0x5631bd18b750_0, 0, 32;
    %pushi/vec4 0, 0, 1;
    %store/vec4 v0x5631bd18b650_0, 0, 1;
    %pushi/vec4 0, 0, 1;
    %store/vec4 v0x5631bd18b820_0, 0, 1;
    %pushi/vec4 1, 0, 1;
    %store/vec4 v0x5631bd18b910_0, 0, 1;
    %delay 14, 0;
    %pushi/vec4 0, 0, 1;
    %store/vec4 v0x5631bd18b910_0, 0, 1;
    %pushi/vec4 1, 0, 1;
    %store/vec4 v0x5631bd18b650_0, 0, 1;
    %delay 24, 0;
    %pushi/vec4 1, 0, 1;
    %store/vec4 v0x5631bd18b820_0, 0, 1;
    %pushi/vec4 0, 0, 1;
    %store/vec4 v0x5631bd18b650_0, 0, 1;
    %delay 150, 0;
    %pushi/vec4 2, 0, 32;
    %store/vec4 v0x5631bd18b750_0, 0, 32;
    %delay 100, 0;
    %pushi/vec4 0, 0, 1;
    %store/vec4 v0x5631bd18b820_0, 0, 1;
    %pushi/vec4 1, 0, 1;
    %store/vec4 v0x5631bd18b650_0, 0, 1;
    %delay 20, 0;
    %pushi/vec4 1, 0, 1;
    %store/vec4 v0x5631bd18b820_0, 0, 1;
    %pushi/vec4 0, 0, 1;
    %store/vec4 v0x5631bd18b650_0, 0, 1;
    %delay 200, 0;
    %vpi_call 2 31 "$finish" {0 0 0};
    %end;
    .thread T_4;
# The file index is used to find the file name in the following table.
:file_names 4;
    "N/A";
    "<interactive>";
    "testbench.sv";
    "Frequency_Divider.sv";
