#! /usr/local/bin/vvp
:ivl_version "11.0 (stable)" "(v11_0-132-gb2f2414f4)";
:ivl_delay_selection "TYPICAL";
:vpi_time_precision + 0;
:vpi_module "/usr/local/lib/ivl/system.vpi";
:vpi_module "/usr/local/lib/ivl/vhdl_sys.vpi";
:vpi_module "/usr/local/lib/ivl/vhdl_textio.vpi";
:vpi_module "/usr/local/lib/ivl/v2005_math.vpi";
:vpi_module "/usr/local/lib/ivl/va_math.vpi";
S_0x55703a3c0f50 .scope module, "DUT" "DUT" 2 1;
 .timescale 0 0;
v0x55703a40ab60_0 .net "dout", 9 0, L_0x55703a40aee0;  1 drivers
v0x55703a40ac40_0 .var "inA", 9 0;
v0x55703a40ad10_0 .var "inB", 9 0;
v0x55703a40ae10_0 .var "sel", 0 0;
S_0x55703a3bfce0 .scope module, "mux_dut" "MUX" 2 7, 3 1 0, S_0x55703a3c0f50;
 .timescale 0 0;
    .port_info 0 /INPUT 10 "inA";
    .port_info 1 /INPUT 10 "inB";
    .port_info 2 /INPUT 1 "sel";
    .port_info 3 /OUTPUT 10 "dout";
P_0x55703a3bfec0 .param/l "LENGTH" 0 3 2, +C4<00000000000000000000000000001010>;
v0x55703a3c0000_0 .net "dout", 9 0, L_0x55703a40aee0;  alias, 1 drivers
v0x55703a40a820_0 .net "inA", 9 0, v0x55703a40ac40_0;  1 drivers
v0x55703a40a900_0 .net "inB", 9 0, v0x55703a40ad10_0;  1 drivers
v0x55703a40a9f0_0 .net "sel", 0 0, v0x55703a40ae10_0;  1 drivers
L_0x55703a40aee0 .functor MUXZ 10, v0x55703a40ac40_0, v0x55703a40ad10_0, v0x55703a40ae10_0, C4<>;
    .scope S_0x55703a3c0f50;
T_0 ;
    %vpi_call 2 10 "$dumpfile", "dump.vcd" {0 0 0};
    %vpi_call 2 11 "$dumpvars", 32'sb00000000000000000000000000000001 {0 0 0};
    %end;
    .thread T_0;
    .scope S_0x55703a3c0f50;
T_1 ;
    %delay 0, 0;
    %pushi/vec4 7, 0, 10;
    %store/vec4 v0x55703a40ac40_0, 0, 10;
    %pushi/vec4 9, 0, 10;
    %store/vec4 v0x55703a40ad10_0, 0, 10;
    %pushi/vec4 0, 0, 1;
    %store/vec4 v0x55703a40ae10_0, 0, 1;
    %delay 5, 0;
    %pushi/vec4 1, 0, 1;
    %store/vec4 v0x55703a40ae10_0, 0, 1;
    %delay 100, 0;
    %vpi_call 2 20 "$finish" {0 0 0};
    %end;
    .thread T_1;
# The file index is used to find the file name in the following table.
:file_names 4;
    "N/A";
    "<interactive>";
    "testbench.sv";
    "MUX.sv";
