#! /usr/local/bin/vvp
:ivl_version "11.0 (stable)" "(v11_0-132-gb2f2414f4)";
:ivl_delay_selection "TYPICAL";
:vpi_time_precision + 0;
:vpi_module "/usr/local/lib/ivl/system.vpi";
:vpi_module "/usr/local/lib/ivl/vhdl_sys.vpi";
:vpi_module "/usr/local/lib/ivl/vhdl_textio.vpi";
:vpi_module "/usr/local/lib/ivl/v2005_math.vpi";
:vpi_module "/usr/local/lib/ivl/va_math.vpi";
S_0x560cea77ff50 .scope module, "DUT" "DUT" 2 1;
 .timescale 0 0;
v0x560cea7cf1b0_0 .var "a", 7 0;
v0x560cea7cf290_0 .var "b", 7 0;
v0x560cea7cf360_0 .var "c", 7 0;
v0x560cea7cf460_0 .var "d", 3 0;
v0x560cea7cf530_0 .net "dout", 31 0, L_0x560cea7cf6f0;  1 drivers
v0x560cea7cf620_0 .var "e", 3 0;
S_0x560cea7b8be0 .scope module, "c_dut" "Concatenator" 2 8, 3 1 0, S_0x560cea77ff50;
 .timescale 0 0;
    .port_info 0 /INPUT 8 "a";
    .port_info 1 /INPUT 8 "b";
    .port_info 2 /INPUT 8 "c";
    .port_info 3 /INPUT 4 "d";
    .port_info 4 /INPUT 4 "e";
    .port_info 5 /OUTPUT 32 "dout";
v0x560cea7b8e60_0 .net "a", 7 0, v0x560cea7cf1b0_0;  1 drivers
v0x560cea7ce5d0_0 .net "b", 7 0, v0x560cea7cf290_0;  1 drivers
v0x560cea7ce6b0_0 .net "c", 7 0, v0x560cea7cf360_0;  1 drivers
v0x560cea7ce770_0 .net "d", 3 0, v0x560cea7cf460_0;  1 drivers
v0x560cea7ce850_0 .net "dout", 31 0, L_0x560cea7cf6f0;  alias, 1 drivers
v0x560cea7ce980_0 .net "e", 3 0, v0x560cea7cf620_0;  1 drivers
LS_0x560cea7cf6f0_0_0 .concat [ 8 8 8 4], v0x560cea7cf1b0_0, v0x560cea7cf290_0, v0x560cea7cf360_0, v0x560cea7cf460_0;
LS_0x560cea7cf6f0_0_4 .concat [ 4 0 0 0], v0x560cea7cf620_0;
L_0x560cea7cf6f0 .concat [ 28 4 0 0], LS_0x560cea7cf6f0_0_0, LS_0x560cea7cf6f0_0_4;
S_0x560cea7ceb20 .scope task, "write" "write" 2 11, 2 11 0, S_0x560cea77ff50;
 .timescale 0 0;
v0x560cea7ced20_0 .var "at", 7 0;
v0x560cea7cee00_0 .var "bt", 7 0;
v0x560cea7ceee0_0 .var "ct", 7 0;
v0x560cea7cefa0_0 .var "dt", 3 0;
v0x560cea7cf080_0 .var "et", 3 0;
TD_DUT.write ;
    %load/vec4 v0x560cea7ced20_0;
    %store/vec4 v0x560cea7cf1b0_0, 0, 8;
    %load/vec4 v0x560cea7cee00_0;
    %store/vec4 v0x560cea7cf290_0, 0, 8;
    %load/vec4 v0x560cea7ceee0_0;
    %store/vec4 v0x560cea7cf360_0, 0, 8;
    %load/vec4 v0x560cea7cefa0_0;
    %store/vec4 v0x560cea7cf460_0, 0, 4;
    %load/vec4 v0x560cea7cf080_0;
    %store/vec4 v0x560cea7cf620_0, 0, 4;
    %end;
    .scope S_0x560cea77ff50;
T_1 ;
    %vpi_call 2 24 "$dumpfile", "dump.vcd" {0 0 0};
    %vpi_call 2 25 "$dumpvars", 32'sb00000000000000000000000000000001 {0 0 0};
    %end;
    .thread T_1;
    .scope S_0x560cea77ff50;
T_2 ;
    %delay 3, 0;
    %pushi/vec4 16, 0, 8;
    %store/vec4 v0x560cea7ced20_0, 0, 8;
    %pushi/vec4 2, 0, 8;
    %store/vec4 v0x560cea7cee00_0, 0, 8;
    %pushi/vec4 18, 0, 8;
    %store/vec4 v0x560cea7ceee0_0, 0, 8;
    %pushi/vec4 7, 0, 4;
    %store/vec4 v0x560cea7cefa0_0, 0, 4;
    %pushi/vec4 9, 0, 4;
    %store/vec4 v0x560cea7cf080_0, 0, 4;
    %fork TD_DUT.write, S_0x560cea7ceb20;
    %join;
    %delay 23, 0;
    %pushi/vec4 20, 0, 8;
    %store/vec4 v0x560cea7ced20_0, 0, 8;
    %pushi/vec4 19, 0, 8;
    %store/vec4 v0x560cea7cee00_0, 0, 8;
    %pushi/vec4 16, 0, 8;
    %store/vec4 v0x560cea7ceee0_0, 0, 8;
    %pushi/vec4 4, 0, 4;
    %store/vec4 v0x560cea7cefa0_0, 0, 4;
    %pushi/vec4 7, 0, 4;
    %store/vec4 v0x560cea7cf080_0, 0, 4;
    %fork TD_DUT.write, S_0x560cea7ceb20;
    %join;
    %delay 100, 0;
    %vpi_call 2 32 "$finish" {0 0 0};
    %end;
    .thread T_2;
# The file index is used to find the file name in the following table.
:file_names 4;
    "N/A";
    "<interactive>";
    "testbench.sv";
    "concatenator.sv";
