#! /usr/local/bin/vvp
:ivl_version "11.0 (stable)" "(v11_0-132-gb2f2414f4)";
:ivl_delay_selection "TYPICAL";
:vpi_time_precision + 0;
:vpi_module "/usr/local/lib/ivl/system.vpi";
:vpi_module "/usr/local/lib/ivl/vhdl_sys.vpi";
:vpi_module "/usr/local/lib/ivl/vhdl_textio.vpi";
:vpi_module "/usr/local/lib/ivl/v2005_math.vpi";
:vpi_module "/usr/local/lib/ivl/va_math.vpi";
S_0x55c064086f50 .scope module, "DUT" "DUT" 2 1;
 .timescale 0 0;
v0x55c0640dca90_0 .var "clk", 0 0;
v0x55c0640dcb50_0 .var "clkTx", 0 0;
v0x55c0640dcc20_0 .var "din", 31 0;
v0x55c0640dcd20_0 .net "dout", 4 0, v0x55c0640dc2c0_0;  1 drivers
v0x55c0640dcdf0_0 .var "reset", 0 0;
v0x55c0640dce90_0 .var "sample", 0 0;
v0x55c0640dcf60_0 .var "startTx", 0 0;
v0x55c0640dd030_0 .net "txBusy", 0 0, v0x55c0640dc7f0_0;  1 drivers
v0x55c0640dd100_0 .net "txDone", 0 0, v0x55c0640dc8b0_0;  1 drivers
S_0x55c064085d40 .scope module, "st_dut" "Serial_Transceiver" 2 9, 3 1 0, S_0x55c064086f50;
 .timescale 0 0;
    .port_info 0 /INPUT 32 "din";
    .port_info 1 /INPUT 1 "sample";
    .port_info 2 /INPUT 1 "startTx";
    .port_info 3 /INPUT 1 "reset";
    .port_info 4 /INPUT 1 "clk";
    .port_info 5 /INPUT 1 "clkTx";
    .port_info 6 /OUTPUT 1 "txDone";
    .port_info 7 /OUTPUT 1 "txBusy";
    .port_info 8 /OUTPUT 5 "dout";
P_0x55c064085ed0 .param/l "LENGTH" 0 3 2, +C4<00000000000000000000000000000101>;
v0x55c0640860a0_0 .net "clk", 0 0, v0x55c0640dca90_0;  1 drivers
v0x55c0640dc110_0 .net "clkTx", 0 0, v0x55c0640dcb50_0;  1 drivers
v0x55c0640dc1d0_0 .net "din", 31 0, v0x55c0640dcc20_0;  1 drivers
v0x55c0640dc2c0_0 .var "dout", 4 0;
v0x55c0640dc3a0_0 .var "i", 5 0;
v0x55c0640dc4d0_0 .var "mem", 31 0;
v0x55c0640dc5b0_0 .net "reset", 0 0, v0x55c0640dcdf0_0;  1 drivers
v0x55c0640dc670_0 .net "sample", 0 0, v0x55c0640dce90_0;  1 drivers
v0x55c0640dc730_0 .net "startTx", 0 0, v0x55c0640dcf60_0;  1 drivers
v0x55c0640dc7f0_0 .var "txBusy", 0 0;
v0x55c0640dc8b0_0 .var "txDone", 0 0;
E_0x55c0640c5100 .event posedge, v0x55c0640dc5b0_0, v0x55c0640860a0_0, v0x55c0640dc110_0;
    .scope S_0x55c064085d40;
T_0 ;
    %pushi/vec4 6, 0, 6;
    %store/vec4 v0x55c0640dc3a0_0, 0, 6;
    %end;
    .thread T_0;
    .scope S_0x55c064085d40;
T_1 ;
    %wait E_0x55c0640c5100;
    %load/vec4 v0x55c0640dc5b0_0;
    %flag_set/vec4 8;
    %jmp/0xz  T_1.0, 8;
    %pushi/vec4 0, 0, 32;
    %store/vec4 v0x55c0640dc4d0_0, 0, 32;
    %pushi/vec4 0, 0, 1;
    %store/vec4 v0x55c0640dc8b0_0, 0, 1;
    %pushi/vec4 0, 0, 1;
    %store/vec4 v0x55c0640dc7f0_0, 0, 1;
    %pushi/vec4 0, 0, 5;
    %store/vec4 v0x55c0640dc2c0_0, 0, 5;
    %jmp T_1.1;
T_1.0 ;
    %load/vec4 v0x55c0640860a0_0;
    %flag_set/vec4 8;
    %jmp/0xz  T_1.2, 8;
    %load/vec4 v0x55c0640dc670_0;
    %flag_set/vec4 9;
    %flag_get/vec4 9;
    %jmp/0 T_1.6, 9;
    %load/vec4 v0x55c0640dc730_0;
    %inv;
    %and;
T_1.6;
    %flag_set/vec4 8;
    %jmp/0xz  T_1.4, 8;
    %load/vec4 v0x55c0640dc1d0_0;
    %assign/vec4 v0x55c0640dc4d0_0, 0;
    %pushi/vec4 6, 0, 6;
    %store/vec4 v0x55c0640dc3a0_0, 0, 6;
    %jmp T_1.5;
T_1.4 ;
    %load/vec4 v0x55c0640dc670_0;
    %inv;
    %flag_set/vec4 9;
    %flag_get/vec4 9;
    %jmp/0 T_1.9, 9;
    %load/vec4 v0x55c0640dc730_0;
    %and;
T_1.9;
    %flag_set/vec4 8;
    %jmp/0xz  T_1.7, 8;
    %pushi/vec4 1, 0, 1;
    %assign/vec4 v0x55c0640dc7f0_0, 0;
T_1.7 ;
T_1.5 ;
    %load/vec4 v0x55c0640dc8b0_0;
    %cmpi/e 1, 0, 1;
    %jmp/0xz  T_1.10, 4;
    %pushi/vec4 0, 0, 1;
    %assign/vec4 v0x55c0640dc7f0_0, 0;
T_1.10 ;
T_1.2 ;
    %load/vec4 v0x55c0640dc110_0;
    %flag_set/vec4 8;
    %jmp/0xz  T_1.12, 8;
    %load/vec4 v0x55c0640dc3a0_0;
    %pad/u 32;
    %cmpi/ne 0, 0, 32;
    %flag_get/vec4 4;
    %jmp/0 T_1.16, 4;
    %load/vec4 v0x55c0640dc7f0_0;
    %pushi/vec4 1, 0, 1;
    %cmp/e;
    %flag_get/vec4 4;
    %and;
T_1.16;
    %flag_set/vec4 8;
    %jmp/0xz  T_1.14, 8;
    %load/vec4 v0x55c0640dc4d0_0;
    %parti/s 5, 27, 6;
    %assign/vec4 v0x55c0640dc2c0_0, 0;
    %load/vec4 v0x55c0640dc4d0_0;
    %ix/load 4, 5, 0;
    %flag_set/imm 4, 0;
    %shiftl 4;
    %assign/vec4 v0x55c0640dc4d0_0, 0;
    %load/vec4 v0x55c0640dc3a0_0;
    %subi 1, 0, 6;
    %store/vec4 v0x55c0640dc3a0_0, 0, 6;
    %load/vec4 v0x55c0640dc3a0_0;
    %pad/u 32;
    %cmpi/e 0, 0, 32;
    %jmp/0xz  T_1.17, 4;
    %pushi/vec4 1, 0, 1;
    %assign/vec4 v0x55c0640dc8b0_0, 0;
T_1.17 ;
T_1.14 ;
T_1.12 ;
T_1.1 ;
    %jmp T_1;
    .thread T_1;
    .scope S_0x55c064086f50;
T_2 ;
    %vpi_call 2 12 "$dumpfile", "dump.vcd" {0 0 0};
    %vpi_call 2 13 "$dumpvars", 32'sb00000000000000000000000000000000, S_0x55c064085d40 {0 0 0};
    %vpi_call 2 14 "$dumpvars", 32'sb00000000000000000000000000000001, v0x55c0640dc4d0_0 {0 0 0};
    %end;
    .thread T_2;
    .scope S_0x55c064086f50;
T_3 ;
    %delay 0, 0;
    %pushi/vec4 0, 0, 1;
    %store/vec4 v0x55c0640dca90_0, 0, 1;
T_3.0 ;
    %delay 10, 0;
    %load/vec4 v0x55c0640dca90_0;
    %inv;
    %store/vec4 v0x55c0640dca90_0, 0, 1;
    %jmp T_3.0;
    %end;
    .thread T_3;
    .scope S_0x55c064086f50;
T_4 ;
    %delay 0, 0;
    %pushi/vec4 0, 0, 1;
    %store/vec4 v0x55c0640dcb50_0, 0, 1;
T_4.0 ;
    %delay 5, 0;
    %load/vec4 v0x55c0640dcb50_0;
    %inv;
    %store/vec4 v0x55c0640dcb50_0, 0, 1;
    %jmp T_4.0;
    %end;
    .thread T_4;
    .scope S_0x55c064086f50;
T_5 ;
    %delay 0, 0;
    %pushi/vec4 4044296433, 0, 32;
    %store/vec4 v0x55c0640dcc20_0, 0, 32;
    %pushi/vec4 0, 0, 1;
    %store/vec4 v0x55c0640dce90_0, 0, 1;
    %pushi/vec4 0, 0, 1;
    %store/vec4 v0x55c0640dcf60_0, 0, 1;
    %pushi/vec4 1, 0, 1;
    %store/vec4 v0x55c0640dcdf0_0, 0, 1;
    %delay 5, 0;
    %pushi/vec4 1, 0, 1;
    %store/vec4 v0x55c0640dce90_0, 0, 1;
    %pushi/vec4 0, 0, 1;
    %store/vec4 v0x55c0640dcdf0_0, 0, 1;
    %delay 20, 0;
    %pushi/vec4 1, 0, 1;
    %store/vec4 v0x55c0640dcf60_0, 0, 1;
    %pushi/vec4 0, 0, 1;
    %store/vec4 v0x55c0640dce90_0, 0, 1;
    %delay 200, 0;
    %vpi_call 2 33 "$finish" {0 0 0};
    %end;
    .thread T_5;
# The file index is used to find the file name in the following table.
:file_names 4;
    "N/A";
    "<interactive>";
    "testbench.sv";
    "Serial_Transceiver.sv";
