#! /usr/local/bin/vvp
:ivl_version "11.0 (stable)" "(v11_0-132-gb2f2414f4)";
:ivl_delay_selection "TYPICAL";
:vpi_time_precision + 0;
:vpi_module "/usr/local/lib/ivl/system.vpi";
:vpi_module "/usr/local/lib/ivl/vhdl_sys.vpi";
:vpi_module "/usr/local/lib/ivl/vhdl_textio.vpi";
:vpi_module "/usr/local/lib/ivl/v2005_math.vpi";
:vpi_module "/usr/local/lib/ivl/va_math.vpi";
S_0x55980360ef50 .scope module, "DUT" "DUT" 2 1;
 .timescale 0 0;
v0x559803663600_0 .var "addr", 7 0;
v0x5598036636e0_0 .var "clk", 0 0;
v0x5598036637b0_0 .var "din", 31 0;
v0x5598036638b0_0 .net "dout", 31 0, v0x5598036630d0_0;  1 drivers
v0x559803663980_0 .var/i "i", 31 0;
v0x559803663a20_0 .var "reset", 0 0;
v0x559803663ac0_0 .var "rw", 0 0;
v0x559803663b90_0 .var "valid", 0 0;
S_0x55980360dd10 .scope module, "memory_dut" "Memory" 2 10, 3 1 0, S_0x55980360ef50;
 .timescale 0 0;
    .port_info 0 /INPUT 32 "din";
    .port_info 1 /INPUT 8 "addr";
    .port_info 2 /INPUT 1 "RW";
    .port_info 3 /INPUT 1 "valid";
    .port_info 4 /INPUT 1 "reset";
    .port_info 5 /INPUT 1 "clk";
    .port_info 6 /OUTPUT 32 "dout";
P_0x559803634900 .param/l "DEPTH" 0 3 3, +C4<00000000000000000000000000001000>;
P_0x559803634940 .param/l "WIDTH" 0 3 2, +C4<00000000000000000000000000100000>;
v0x55980360e040_0 .net "RW", 0 0, v0x559803663ac0_0;  1 drivers
v0x559803662e40_0 .net "addr", 7 0, v0x559803663600_0;  1 drivers
v0x559803662f20_0 .net "clk", 0 0, v0x5598036636e0_0;  1 drivers
v0x559803662ff0_0 .net "din", 31 0, v0x5598036637b0_0;  1 drivers
v0x5598036630d0_0 .var "dout", 31 0;
v0x559803663200_0 .var/i "i", 31 0;
v0x5598036632e0 .array "mem", 255 0, 31 0;
v0x5598036633a0_0 .net "reset", 0 0, v0x559803663a20_0;  1 drivers
v0x559803663460_0 .net "valid", 0 0, v0x559803663b90_0;  1 drivers
E_0x55980364b960 .event posedge, v0x559803662f20_0, v0x5598036633a0_0;
    .scope S_0x55980360dd10;
T_0 ;
    %wait E_0x55980364b960;
    %load/vec4 v0x5598036633a0_0;
    %flag_set/vec4 8;
    %jmp/0xz  T_0.0, 8;
    %pushi/vec4 0, 0, 32;
    %store/vec4 v0x559803663200_0, 0, 32;
T_0.2 ;
    %load/vec4 v0x559803663200_0;
    %cmpi/s 256, 0, 32;
    %jmp/0xz T_0.3, 5;
    %pushi/vec4 0, 0, 32;
    %ix/getv/s 3, v0x559803663200_0;
    %ix/load 4, 0, 0; Constant delay
    %assign/vec4/a/d v0x5598036632e0, 0, 4;
    %load/vec4 v0x559803663200_0;
    %addi 1, 0, 32;
    %store/vec4 v0x559803663200_0, 0, 32;
    %jmp T_0.2;
T_0.3 ;
    %pushi/vec4 0, 0, 32;
    %assign/vec4 v0x5598036630d0_0, 0;
    %jmp T_0.1;
T_0.0 ;
    %load/vec4 v0x559803662f20_0;
    %flag_set/vec4 8;
    %jmp/0xz  T_0.4, 8;
    %load/vec4 v0x559803663460_0;
    %flag_set/vec4 8;
    %jmp/0xz  T_0.6, 8;
    %load/vec4 v0x55980360e040_0;
    %flag_set/vec4 8;
    %jmp/0xz  T_0.8, 8;
    %load/vec4 v0x559803662e40_0;
    %pad/u 10;
    %ix/vec4 4;
    %load/vec4a v0x5598036632e0, 4;
    %assign/vec4 v0x5598036630d0_0, 0;
    %jmp T_0.9;
T_0.8 ;
    %load/vec4 v0x559803662ff0_0;
    %load/vec4 v0x559803662e40_0;
    %pad/u 10;
    %ix/vec4 3;
    %ix/load 4, 0, 0; Constant delay
    %assign/vec4/a/d v0x5598036632e0, 0, 4;
T_0.9 ;
    %jmp T_0.7;
T_0.6 ;
    %pushi/vec4 0, 0, 32;
    %assign/vec4 v0x5598036630d0_0, 0;
T_0.7 ;
T_0.4 ;
T_0.1 ;
    %jmp T_0;
    .thread T_0;
    .scope S_0x55980360ef50;
T_1 ;
    %vpi_call 2 13 "$dumpfile", "dump.vcd" {0 0 0};
    %vpi_call 2 14 "$dumpvars", 32'sb00000000000000000000000000000000, S_0x55980360dd10 {0 0 0};
    %pushi/vec4 0, 0, 32;
    %store/vec4 v0x559803663980_0, 0, 32;
T_1.0 ;
    %load/vec4 v0x559803663980_0;
    %cmpi/s 255, 0, 32;
    %flag_or 5, 4;
    %jmp/0xz T_1.1, 5;
    %vpi_call 2 16 "$dumpvars", 32'sb00000000000000000000000000000001, &A<v0x5598036632e0, v0x559803663980_0 > {0 0 0};
    %load/vec4 v0x559803663980_0;
    %addi 1, 0, 32;
    %store/vec4 v0x559803663980_0, 0, 32;
    %jmp T_1.0;
T_1.1 ;
    %end;
    .thread T_1;
    .scope S_0x55980360ef50;
T_2 ;
    %delay 0, 0;
    %pushi/vec4 0, 0, 1;
    %store/vec4 v0x5598036636e0_0, 0, 1;
T_2.0 ;
    %delay 5, 0;
    %load/vec4 v0x5598036636e0_0;
    %inv;
    %store/vec4 v0x5598036636e0_0, 0, 1;
    %jmp T_2.0;
    %end;
    .thread T_2;
    .scope S_0x55980360ef50;
T_3 ;
    %delay 0, 0;
    %pushi/vec4 7, 0, 32;
    %store/vec4 v0x5598036637b0_0, 0, 32;
    %pushi/vec4 4, 0, 8;
    %store/vec4 v0x559803663600_0, 0, 8;
    %pushi/vec4 0, 0, 1;
    %store/vec4 v0x559803663ac0_0, 0, 1;
    %pushi/vec4 1, 0, 1;
    %store/vec4 v0x559803663b90_0, 0, 1;
    %pushi/vec4 1, 0, 1;
    %store/vec4 v0x559803663a20_0, 0, 1;
    %delay 10, 0;
    %pushi/vec4 0, 0, 1;
    %store/vec4 v0x559803663a20_0, 0, 1;
    %delay 9, 0;
    %pushi/vec4 0, 0, 1;
    %store/vec4 v0x559803663ac0_0, 0, 1;
    %delay 3, 0;
    %pushi/vec4 1, 0, 1;
    %store/vec4 v0x559803663ac0_0, 0, 1;
    %delay 10, 0;
    %pushi/vec4 0, 0, 1;
    %store/vec4 v0x559803663ac0_0, 0, 1;
    %pushi/vec4 16, 0, 32;
    %store/vec4 v0x5598036637b0_0, 0, 32;
    %pushi/vec4 7, 0, 8;
    %store/vec4 v0x559803663600_0, 0, 8;
    %pushi/vec4 0, 0, 1;
    %store/vec4 v0x559803663b90_0, 0, 1;
    %delay 10, 0;
    %pushi/vec4 1, 0, 1;
    %store/vec4 v0x559803663b90_0, 0, 1;
    %delay 5, 0;
    %pushi/vec4 1, 0, 1;
    %store/vec4 v0x559803663a20_0, 0, 1;
    %delay 100, 0;
    %vpi_call 2 36 "$finish" {0 0 0};
    %end;
    .thread T_3;
# The file index is used to find the file name in the following table.
:file_names 4;
    "N/A";
    "<interactive>";
    "testbench.sv";
    "Memory.sv";
